{"/Users/adityaagarwal/Developer/kern-ui/src/components/Accordion/Accordion.tsx": {"path":"/Users/adityaagarwal/Developer/kern-ui/src/components/Accordion/Accordion.tsx","all":false,"statementMap":{"0":{"start":{"line":1,"column":0},"end":{"line":1,"column":82}},"1":{"start":{"line":2,"column":0},"end":{"line":2,"column":51}},"2":{"start":{"line":3,"column":0},"end":{"line":3,"column":8}},"9":{"start":{"line":10,"column":0},"end":{"line":10,"column":36}},"16":{"start":{"line":17,"column":0},"end":{"line":17,"column":78}},"17":{"start":{"line":18,"column":0},"end":{"line":18,"column":9}},"18":{"start":{"line":19,"column":0},"end":{"line":19,"column":9}},"19":{"start":{"line":20,"column":0},"end":{"line":20,"column":38}},"20":{"start":{"line":21,"column":0},"end":{"line":21,"column":28}},"21":{"start":{"line":22,"column":0},"end":{"line":22,"column":21}},"22":{"start":{"line":23,"column":0},"end":{"line":23,"column":24}},"23":{"start":{"line":24,"column":0},"end":{"line":24,"column":20}},"24":{"start":{"line":25,"column":0},"end":{"line":25,"column":41}},"25":{"start":{"line":26,"column":0},"end":{"line":26,"column":13}},"26":{"start":{"line":27,"column":0},"end":{"line":27,"column":14}},"27":{"start":{"line":28,"column":0},"end":{"line":28,"column":20}},"28":{"start":{"line":29,"column":0},"end":{"line":29,"column":15}},"29":{"start":{"line":30,"column":0},"end":{"line":30,"column":28}},"30":{"start":{"line":31,"column":0},"end":{"line":31,"column":11}},"31":{"start":{"line":32,"column":0},"end":{"line":32,"column":12}},"33":{"start":{"line":34,"column":0},"end":{"line":34,"column":30}},"34":{"start":{"line":35,"column":0},"end":{"line":35,"column":59}},"35":{"start":{"line":36,"column":0},"end":{"line":36,"column":78}},"36":{"start":{"line":37,"column":0},"end":{"line":37,"column":38}},"37":{"start":{"line":38,"column":0},"end":{"line":38,"column":42}},"38":{"start":{"line":39,"column":0},"end":{"line":39,"column":44}},"40":{"start":{"line":41,"column":0},"end":{"line":41,"column":53}},"42":{"start":{"line":43,"column":0},"end":{"line":43,"column":28}},"43":{"start":{"line":44,"column":0},"end":{"line":44,"column":54}},"44":{"start":{"line":45,"column":0},"end":{"line":45,"column":19}},"45":{"start":{"line":46,"column":0},"end":{"line":46,"column":80}},"46":{"start":{"line":47,"column":0},"end":{"line":47,"column":8}},"47":{"start":{"line":48,"column":0},"end":{"line":48,"column":5}},"48":{"start":{"line":49,"column":0},"end":{"line":49,"column":3}},"50":{"start":{"line":51,"column":0},"end":{"line":51,"column":73}},"51":{"start":{"line":52,"column":0},"end":{"line":52,"column":53}},"52":{"start":{"line":53,"column":0},"end":{"line":53,"column":66}},"53":{"start":{"line":54,"column":0},"end":{"line":54,"column":35}},"54":{"start":{"line":55,"column":0},"end":{"line":55,"column":5}},"56":{"start":{"line":57,"column":0},"end":{"line":57,"column":40}},"57":{"start":{"line":58,"column":0},"end":{"line":58,"column":23}},"58":{"start":{"line":59,"column":0},"end":{"line":59,"column":74}},"59":{"start":{"line":60,"column":0},"end":{"line":60,"column":40}},"60":{"start":{"line":61,"column":0},"end":{"line":61,"column":5}},"61":{"start":{"line":62,"column":0},"end":{"line":62,"column":25}},"62":{"start":{"line":63,"column":0},"end":{"line":63,"column":53}},"64":{"start":{"line":65,"column":0},"end":{"line":65,"column":69}},"65":{"start":{"line":66,"column":0},"end":{"line":66,"column":62}},"66":{"start":{"line":67,"column":0},"end":{"line":67,"column":36}},"67":{"start":{"line":68,"column":0},"end":{"line":68,"column":51}},"68":{"start":{"line":69,"column":0},"end":{"line":69,"column":43}},"70":{"start":{"line":71,"column":0},"end":{"line":71,"column":50}},"71":{"start":{"line":72,"column":0},"end":{"line":72,"column":39}},"72":{"start":{"line":73,"column":0},"end":{"line":73,"column":9}},"74":{"start":{"line":75,"column":0},"end":{"line":75,"column":35}},"75":{"start":{"line":76,"column":0},"end":{"line":76,"column":59}},"76":{"start":{"line":77,"column":0},"end":{"line":77,"column":20}},"77":{"start":{"line":78,"column":0},"end":{"line":78,"column":45}},"78":{"start":{"line":79,"column":0},"end":{"line":79,"column":47}},"79":{"start":{"line":80,"column":0},"end":{"line":80,"column":69}},"80":{"start":{"line":81,"column":0},"end":{"line":81,"column":33}},"81":{"start":{"line":82,"column":0},"end":{"line":82,"column":9}},"82":{"start":{"line":83,"column":0},"end":{"line":83,"column":7}},"83":{"start":{"line":84,"column":0},"end":{"line":84,"column":6}},"84":{"start":{"line":85,"column":0},"end":{"line":85,"column":26}},"85":{"start":{"line":86,"column":0},"end":{"line":86,"column":4}},"87":{"start":{"line":88,"column":0},"end":{"line":88,"column":57}},"88":{"start":{"line":89,"column":0},"end":{"line":89,"column":35}},"89":{"start":{"line":90,"column":0},"end":{"line":90,"column":39}},"90":{"start":{"line":91,"column":0},"end":{"line":91,"column":27}},"91":{"start":{"line":92,"column":0},"end":{"line":92,"column":29}},"93":{"start":{"line":94,"column":0},"end":{"line":94,"column":45}},"94":{"start":{"line":95,"column":0},"end":{"line":95,"column":37}},"95":{"start":{"line":96,"column":0},"end":{"line":96,"column":41}},"96":{"start":{"line":97,"column":0},"end":{"line":97,"column":5}},"97":{"start":{"line":98,"column":0},"end":{"line":98,"column":63}},"98":{"start":{"line":99,"column":0},"end":{"line":99,"column":40}},"99":{"start":{"line":100,"column":0},"end":{"line":100,"column":66}},"100":{"start":{"line":101,"column":0},"end":{"line":101,"column":38}},"101":{"start":{"line":102,"column":0},"end":{"line":102,"column":39}},"102":{"start":{"line":103,"column":0},"end":{"line":103,"column":9}},"104":{"start":{"line":105,"column":0},"end":{"line":105,"column":32}},"105":{"start":{"line":106,"column":0},"end":{"line":106,"column":56}},"106":{"start":{"line":107,"column":0},"end":{"line":107,"column":38}},"107":{"start":{"line":108,"column":0},"end":{"line":108,"column":37}},"109":{"start":{"line":110,"column":0},"end":{"line":110,"column":52}},"110":{"start":{"line":111,"column":0},"end":{"line":111,"column":28}},"112":{"start":{"line":113,"column":0},"end":{"line":113,"column":46}},"113":{"start":{"line":114,"column":0},"end":{"line":114,"column":64}},"114":{"start":{"line":115,"column":0},"end":{"line":115,"column":27}},"115":{"start":{"line":116,"column":0},"end":{"line":116,"column":16}},"116":{"start":{"line":117,"column":0},"end":{"line":117,"column":9}},"117":{"start":{"line":118,"column":0},"end":{"line":118,"column":7}},"119":{"start":{"line":120,"column":0},"end":{"line":120,"column":30}},"120":{"start":{"line":121,"column":0},"end":{"line":121,"column":26}},"121":{"start":{"line":122,"column":0},"end":{"line":122,"column":21}},"122":{"start":{"line":123,"column":0},"end":{"line":123,"column":26}},"123":{"start":{"line":124,"column":0},"end":{"line":124,"column":16}},"124":{"start":{"line":125,"column":0},"end":{"line":125,"column":20}},"125":{"start":{"line":126,"column":0},"end":{"line":126,"column":41}},"126":{"start":{"line":127,"column":0},"end":{"line":127,"column":16}},"127":{"start":{"line":128,"column":0},"end":{"line":128,"column":20}},"128":{"start":{"line":129,"column":0},"end":{"line":129,"column":36}},"129":{"start":{"line":130,"column":0},"end":{"line":130,"column":28}},"130":{"start":{"line":131,"column":0},"end":{"line":131,"column":57}},"131":{"start":{"line":132,"column":0},"end":{"line":132,"column":50}},"132":{"start":{"line":133,"column":0},"end":{"line":133,"column":18}},"133":{"start":{"line":134,"column":0},"end":{"line":134,"column":43}},"134":{"start":{"line":135,"column":0},"end":{"line":135,"column":11}},"135":{"start":{"line":136,"column":0},"end":{"line":136,"column":16}},"136":{"start":{"line":137,"column":0},"end":{"line":137,"column":20}},"137":{"start":{"line":138,"column":0},"end":{"line":138,"column":36}},"138":{"start":{"line":139,"column":0},"end":{"line":139,"column":43}},"139":{"start":{"line":140,"column":0},"end":{"line":140,"column":42}},"140":{"start":{"line":141,"column":0},"end":{"line":141,"column":54}},"141":{"start":{"line":142,"column":0},"end":{"line":142,"column":18}},"142":{"start":{"line":143,"column":0},"end":{"line":143,"column":43}},"143":{"start":{"line":144,"column":0},"end":{"line":144,"column":11}},"144":{"start":{"line":145,"column":0},"end":{"line":145,"column":16}},"145":{"start":{"line":146,"column":0},"end":{"line":146,"column":7}},"147":{"start":{"line":148,"column":0},"end":{"line":148,"column":37}},"148":{"start":{"line":149,"column":0},"end":{"line":149,"column":49}},"150":{"start":{"line":151,"column":0},"end":{"line":151,"column":10}},"151":{"start":{"line":152,"column":0},"end":{"line":152,"column":47}},"152":{"start":{"line":153,"column":0},"end":{"line":153,"column":64}},"153":{"start":{"line":154,"column":0},"end":{"line":154,"column":55}},"154":{"start":{"line":155,"column":0},"end":{"line":155,"column":32}},"155":{"start":{"line":156,"column":0},"end":{"line":156,"column":17}},"156":{"start":{"line":157,"column":0},"end":{"line":157,"column":9}},"158":{"start":{"line":159,"column":0},"end":{"line":159,"column":19}},"159":{"start":{"line":160,"column":0},"end":{"line":160,"column":75}},"160":{"start":{"line":161,"column":0},"end":{"line":161,"column":16}},"161":{"start":{"line":162,"column":0},"end":{"line":162,"column":43}},"162":{"start":{"line":163,"column":0},"end":{"line":163,"column":63}},"163":{"start":{"line":164,"column":0},"end":{"line":164,"column":19}},"164":{"start":{"line":165,"column":0},"end":{"line":165,"column":11}},"165":{"start":{"line":166,"column":0},"end":{"line":166,"column":9}},"166":{"start":{"line":167,"column":0},"end":{"line":167,"column":43}},"167":{"start":{"line":168,"column":0},"end":{"line":168,"column":6}},"168":{"start":{"line":169,"column":0},"end":{"line":169,"column":27}},"169":{"start":{"line":170,"column":0},"end":{"line":170,"column":4}},"171":{"start":{"line":172,"column":0},"end":{"line":172,"column":35}},"172":{"start":{"line":173,"column":0},"end":{"line":173,"column":30}},"173":{"start":{"line":174,"column":0},"end":{"line":174,"column":30}},"174":{"start":{"line":175,"column":0},"end":{"line":175,"column":67}},"175":{"start":{"line":176,"column":0},"end":{"line":176,"column":37}},"176":{"start":{"line":177,"column":0},"end":{"line":177,"column":10}},"177":{"start":{"line":178,"column":0},"end":{"line":178,"column":14}},"178":{"start":{"line":179,"column":0},"end":{"line":179,"column":69}},"179":{"start":{"line":180,"column":0},"end":{"line":180,"column":28}},"180":{"start":{"line":181,"column":0},"end":{"line":181,"column":10}},"181":{"start":{"line":182,"column":0},"end":{"line":182,"column":7}},"182":{"start":{"line":183,"column":0},"end":{"line":183,"column":6}},"183":{"start":{"line":184,"column":0},"end":{"line":184,"column":25}},"184":{"start":{"line":185,"column":0},"end":{"line":185,"column":4}},"186":{"start":{"line":187,"column":0},"end":{"line":187,"column":33}},"187":{"start":{"line":188,"column":0},"end":{"line":188,"column":24}},"188":{"start":{"line":189,"column":0},"end":{"line":189,"column":67}},"189":{"start":{"line":190,"column":0},"end":{"line":190,"column":37}},"190":{"start":{"line":191,"column":0},"end":{"line":191,"column":54}},"192":{"start":{"line":193,"column":0},"end":{"line":193,"column":34}},"193":{"start":{"line":194,"column":0},"end":{"line":194,"column":71}},"194":{"start":{"line":195,"column":0},"end":{"line":195,"column":24}},"195":{"start":{"line":196,"column":0},"end":{"line":196,"column":11}},"196":{"start":{"line":197,"column":0},"end":{"line":197,"column":31}},"197":{"start":{"line":198,"column":0},"end":{"line":198,"column":16}},"198":{"start":{"line":199,"column":0},"end":{"line":199,"column":34}},"199":{"start":{"line":200,"column":0},"end":{"line":200,"column":27}},"200":{"start":{"line":201,"column":0},"end":{"line":201,"column":11}},"201":{"start":{"line":202,"column":0},"end":{"line":202,"column":28}},"202":{"start":{"line":203,"column":0},"end":{"line":203,"column":9}},"204":{"start":{"line":205,"column":0},"end":{"line":205,"column":22}},"205":{"start":{"line":206,"column":0},"end":{"line":206,"column":8}},"207":{"start":{"line":208,"column":0},"end":{"line":208,"column":25}},"208":{"start":{"line":209,"column":0},"end":{"line":209,"column":55}},"209":{"start":{"line":210,"column":0},"end":{"line":210,"column":40}},"210":{"start":{"line":211,"column":0},"end":{"line":211,"column":31}},"211":{"start":{"line":212,"column":0},"end":{"line":212,"column":9}},"212":{"start":{"line":213,"column":0},"end":{"line":213,"column":14}},"213":{"start":{"line":214,"column":0},"end":{"line":214,"column":36}},"214":{"start":{"line":215,"column":0},"end":{"line":215,"column":47}},"215":{"start":{"line":216,"column":0},"end":{"line":216,"column":32}},"216":{"start":{"line":217,"column":0},"end":{"line":217,"column":33}},"217":{"start":{"line":218,"column":0},"end":{"line":218,"column":11}},"218":{"start":{"line":219,"column":0},"end":{"line":219,"column":24}},"219":{"start":{"line":220,"column":0},"end":{"line":220,"column":11}},"220":{"start":{"line":221,"column":0},"end":{"line":221,"column":7}},"221":{"start":{"line":222,"column":0},"end":{"line":222,"column":6}},"222":{"start":{"line":223,"column":0},"end":{"line":223,"column":67}},"223":{"start":{"line":224,"column":0},"end":{"line":224,"column":4}},"225":{"start":{"line":226,"column":0},"end":{"line":226,"column":56}},"226":{"start":{"line":227,"column":0},"end":{"line":227,"column":12}},"227":{"start":{"line":228,"column":0},"end":{"line":228,"column":56}},"228":{"start":{"line":229,"column":0},"end":{"line":229,"column":56}},"229":{"start":{"line":230,"column":0},"end":{"line":230,"column":65}},"230":{"start":{"line":231,"column":0},"end":{"line":231,"column":65}},"231":{"start":{"line":232,"column":0},"end":{"line":232,"column":56}},"232":{"start":{"line":233,"column":0},"end":{"line":233,"column":7}},"233":{"start":{"line":234,"column":0},"end":{"line":234,"column":5}},"234":{"start":{"line":235,"column":0},"end":{"line":235,"column":22}},"235":{"start":{"line":236,"column":0},"end":{"line":236,"column":22}},"236":{"start":{"line":237,"column":0},"end":{"line":237,"column":25}},"237":{"start":{"line":238,"column":0},"end":{"line":238,"column":25}},"238":{"start":{"line":239,"column":0},"end":{"line":239,"column":22}},"239":{"start":{"line":240,"column":0},"end":{"line":240,"column":5}},"240":{"start":{"line":241,"column":0},"end":{"line":241,"column":4}},"242":{"start":{"line":243,"column":0},"end":{"line":243,"column":54}},"243":{"start":{"line":244,"column":0},"end":{"line":244,"column":12}},"244":{"start":{"line":245,"column":0},"end":{"line":245,"column":11}},"245":{"start":{"line":246,"column":0},"end":{"line":246,"column":18}},"246":{"start":{"line":247,"column":0},"end":{"line":247,"column":10}},"247":{"start":{"line":248,"column":0},"end":{"line":248,"column":15}},"248":{"start":{"line":249,"column":0},"end":{"line":249,"column":18}},"249":{"start":{"line":250,"column":0},"end":{"line":250,"column":11}},"250":{"start":{"line":251,"column":0},"end":{"line":251,"column":35}},"251":{"start":{"line":252,"column":0},"end":{"line":252,"column":19}},"252":{"start":{"line":253,"column":0},"end":{"line":253,"column":21}},"253":{"start":{"line":254,"column":0},"end":{"line":254,"column":17}},"254":{"start":{"line":255,"column":0},"end":{"line":255,"column":19}},"255":{"start":{"line":256,"column":0},"end":{"line":256,"column":21}},"256":{"start":{"line":257,"column":0},"end":{"line":257,"column":16}},"257":{"start":{"line":258,"column":0},"end":{"line":258,"column":18}},"258":{"start":{"line":259,"column":0},"end":{"line":259,"column":7}},"259":{"start":{"line":260,"column":0},"end":{"line":260,"column":5}},"260":{"start":{"line":261,"column":0},"end":{"line":261,"column":11}},"261":{"start":{"line":262,"column":0},"end":{"line":262,"column":18}},"262":{"start":{"line":263,"column":0},"end":{"line":263,"column":10}},"263":{"start":{"line":264,"column":0},"end":{"line":264,"column":15}},"264":{"start":{"line":265,"column":0},"end":{"line":265,"column":18}},"265":{"start":{"line":266,"column":0},"end":{"line":266,"column":11}},"266":{"start":{"line":267,"column":0},"end":{"line":267,"column":23}},"267":{"start":{"line":268,"column":0},"end":{"line":268,"column":19}},"268":{"start":{"line":269,"column":0},"end":{"line":269,"column":21}},"269":{"start":{"line":270,"column":0},"end":{"line":270,"column":17}},"270":{"start":{"line":271,"column":0},"end":{"line":271,"column":19}},"271":{"start":{"line":272,"column":0},"end":{"line":272,"column":21}},"272":{"start":{"line":273,"column":0},"end":{"line":273,"column":16}},"273":{"start":{"line":274,"column":0},"end":{"line":274,"column":18}},"274":{"start":{"line":275,"column":0},"end":{"line":275,"column":5}},"275":{"start":{"line":276,"column":0},"end":{"line":276,"column":4}},"277":{"start":{"line":278,"column":0},"end":{"line":278,"column":46}},"278":{"start":{"line":279,"column":0},"end":{"line":279,"column":38}},"280":{"start":{"line":281,"column":0},"end":{"line":281,"column":10}},"281":{"start":{"line":282,"column":0},"end":{"line":282,"column":52}},"282":{"start":{"line":283,"column":0},"end":{"line":283,"column":11}},"283":{"start":{"line":284,"column":0},"end":{"line":284,"column":17}},"284":{"start":{"line":285,"column":0},"end":{"line":285,"column":24}},"285":{"start":{"line":286,"column":0},"end":{"line":286,"column":72}},"286":{"start":{"line":287,"column":0},"end":{"line":287,"column":38}},"287":{"start":{"line":288,"column":0},"end":{"line":288,"column":64}},"288":{"start":{"line":289,"column":0},"end":{"line":289,"column":24}},"289":{"start":{"line":290,"column":0},"end":{"line":290,"column":17}},"290":{"start":{"line":291,"column":0},"end":{"line":291,"column":30}},"291":{"start":{"line":292,"column":0},"end":{"line":292,"column":17}},"293":{"start":{"line":294,"column":0},"end":{"line":294,"column":18}},"294":{"start":{"line":295,"column":0},"end":{"line":295,"column":13}},"295":{"start":{"line":296,"column":0},"end":{"line":296,"column":32}},"297":{"start":{"line":298,"column":0},"end":{"line":298,"column":3}},"299":{"start":{"line":300,"column":0},"end":{"line":300,"column":36}},"301":{"start":{"line":302,"column":0},"end":{"line":302,"column":25}}},"s":{"0":1,"1":1,"2":1,"9":1,"16":1,"17":96,"18":96,"19":96,"20":96,"21":96,"22":96,"23":96,"24":96,"25":96,"26":96,"27":96,"28":96,"29":96,"30":96,"31":96,"33":96,"34":96,"35":96,"36":96,"37":96,"38":96,"40":96,"42":96,"43":95,"44":0,"45":0,"46":0,"47":0,"48":95,"50":95,"51":64,"52":64,"53":4,"54":95,"56":95,"57":94,"58":3,"59":2,"60":2,"61":91,"62":95,"64":95,"65":95,"66":95,"67":95,"68":95,"70":95,"71":304,"72":95,"74":95,"75":95,"76":152,"77":152,"78":152,"79":152,"80":152,"81":152,"82":152,"83":152,"84":95,"85":95,"87":95,"88":152,"89":152,"90":152,"91":95,"93":95,"94":11,"95":1,"96":1,"97":10,"98":10,"99":10,"100":10,"101":10,"102":95,"104":95,"105":95,"106":11,"107":11,"109":11,"110":11,"112":11,"113":19,"114":11,"115":11,"116":11,"117":19,"119":11,"120":11,"121":11,"122":1,"123":1,"124":11,"125":1,"126":1,"127":11,"128":6,"129":0,"130":6,"131":2,"132":6,"133":4,"134":4,"135":6,"136":11,"137":3,"138":0,"139":3,"140":1,"141":3,"142":2,"143":2,"144":3,"145":11,"147":11,"148":11,"150":11,"151":12,"152":12,"153":12,"154":11,"155":11,"156":11,"158":1,"159":1,"160":12,"161":0,"162":0,"163":0,"164":0,"165":0,"166":11,"167":11,"168":95,"169":95,"171":95,"172":95,"173":30,"174":24,"175":2,"176":2,"177":30,"178":6,"179":2,"180":2,"181":6,"182":30,"183":95,"184":95,"186":95,"187":95,"188":31,"189":31,"190":31,"192":31,"193":5,"194":1,"195":1,"196":4,"197":31,"198":26,"199":21,"200":21,"201":26,"202":26,"204":30,"205":31,"207":31,"208":1,"209":1,"210":1,"211":1,"212":31,"213":30,"214":30,"215":30,"216":29,"217":29,"218":30,"219":30,"220":30,"221":31,"222":95,"223":95,"225":95,"226":95,"227":64,"228":64,"229":64,"230":64,"231":64,"232":64,"233":95,"234":95,"235":95,"236":95,"237":95,"238":95,"239":95,"240":95,"242":95,"243":95,"244":94,"245":94,"246":94,"247":94,"248":94,"249":94,"250":94,"251":94,"252":94,"253":94,"254":94,"255":94,"256":94,"257":94,"258":94,"259":95,"260":95,"261":95,"262":95,"263":95,"264":95,"265":95,"266":95,"267":95,"268":95,"269":95,"270":95,"271":95,"272":95,"273":95,"274":95,"275":95,"277":95,"278":96,"280":96,"281":96,"282":96,"283":96,"284":96,"285":96,"286":96,"287":96,"288":96,"289":96,"290":96,"291":96,"293":96,"294":96,"295":96,"297":96,"299":1,"301":1},"branchMap":{"0":{"type":"branch","line":17,"loc":{"start":{"line":17,"column":61},"end":{"line":298,"column":3}},"locations":[{"start":{"line":17,"column":61},"end":{"line":298,"column":3}}]},"1":{"type":"branch","line":35,"loc":{"start":{"line":35,"column":22},"end":{"line":35,"column":59}},"locations":[{"start":{"line":35,"column":22},"end":{"line":35,"column":59}}]},"2":{"type":"branch","line":36,"loc":{"start":{"line":36,"column":31},"end":{"line":36,"column":73}},"locations":[{"start":{"line":36,"column":31},"end":{"line":36,"column":73}}]},"3":{"type":"branch","line":36,"loc":{"start":{"line":36,"column":49},"end":{"line":36,"column":73}},"locations":[{"start":{"line":36,"column":49},"end":{"line":36,"column":73}}]},"4":{"type":"branch","line":36,"loc":{"start":{"line":36,"column":64},"end":{"line":36,"column":78}},"locations":[{"start":{"line":36,"column":64},"end":{"line":36,"column":78}}]},"5":{"type":"branch","line":43,"loc":{"start":{"line":43,"column":27},"end":{"line":279,"column":25}},"locations":[{"start":{"line":43,"column":27},"end":{"line":279,"column":25}}]},"6":{"type":"branch","line":44,"loc":{"start":{"line":44,"column":8},"end":{"line":44,"column":53}},"locations":[{"start":{"line":44,"column":8},"end":{"line":44,"column":53}}]},"7":{"type":"branch","line":44,"loc":{"start":{"line":44,"column":53},"end":{"line":48,"column":5}},"locations":[{"start":{"line":44,"column":53},"end":{"line":48,"column":5}}]},"8":{"type":"branch","line":279,"loc":{"start":{"line":279,"column":15},"end":{"line":279,"column":32}},"locations":[{"start":{"line":279,"column":15},"end":{"line":279,"column":32}}]},"9":{"type":"branch","line":279,"loc":{"start":{"line":279,"column":25},"end":{"line":279,"column":38}},"locations":[{"start":{"line":279,"column":25},"end":{"line":279,"column":38}}]},"10":{"type":"branch","line":286,"loc":{"start":{"line":286,"column":47},"end":{"line":286,"column":62}},"locations":[{"start":{"line":286,"column":47},"end":{"line":286,"column":62}}]},"11":{"type":"branch","line":288,"loc":{"start":{"line":288,"column":20},"end":{"line":288,"column":51}},"locations":[{"start":{"line":288,"column":20},"end":{"line":288,"column":51}}]},"12":{"type":"branch","line":288,"loc":{"start":{"line":288,"column":34},"end":{"line":288,"column":64}},"locations":[{"start":{"line":288,"column":34},"end":{"line":288,"column":64}}]},"13":{"type":"branch","line":51,"loc":{"start":{"line":51,"column":66},"end":{"line":55,"column":3}},"locations":[{"start":{"line":51,"column":66},"end":{"line":55,"column":3}}]},"14":{"type":"branch","line":52,"loc":{"start":{"line":52,"column":36},"end":{"line":52,"column":53}},"locations":[{"start":{"line":52,"column":36},"end":{"line":52,"column":53}}]},"15":{"type":"branch","line":52,"loc":{"start":{"line":52,"column":51},"end":{"line":53,"column":44}},"locations":[{"start":{"line":52,"column":51},"end":{"line":53,"column":44}}]},"16":{"type":"branch","line":53,"loc":{"start":{"line":53,"column":37},"end":{"line":53,"column":66}},"locations":[{"start":{"line":53,"column":37},"end":{"line":53,"column":66}}]},"17":{"type":"branch","line":53,"loc":{"start":{"line":53,"column":64},"end":{"line":54,"column":35}},"locations":[{"start":{"line":53,"column":64},"end":{"line":54,"column":35}}]},"18":{"type":"branch","line":57,"loc":{"start":{"line":57,"column":33},"end":{"line":63,"column":5}},"locations":[{"start":{"line":57,"column":33},"end":{"line":63,"column":5}}]},"19":{"type":"branch","line":58,"loc":{"start":{"line":58,"column":22},"end":{"line":61,"column":5}},"locations":[{"start":{"line":58,"column":22},"end":{"line":61,"column":5}}]},"20":{"type":"branch","line":59,"loc":{"start":{"line":59,"column":42},"end":{"line":59,"column":74}},"locations":[{"start":{"line":59,"column":42},"end":{"line":59,"column":74}}]},"21":{"type":"branch","line":59,"loc":{"start":{"line":59,"column":72},"end":{"line":61,"column":5}},"locations":[{"start":{"line":59,"column":72},"end":{"line":61,"column":5}}]},"22":{"type":"branch","line":61,"loc":{"start":{"line":61,"column":4},"end":{"line":62,"column":25}},"locations":[{"start":{"line":61,"column":4},"end":{"line":62,"column":25}}]},"23":{"type":"branch","line":71,"loc":{"start":{"line":71,"column":43},"end":{"line":73,"column":5}},"locations":[{"start":{"line":71,"column":43},"end":{"line":73,"column":5}}]},"24":{"type":"branch","line":76,"loc":{"start":{"line":76,"column":4},"end":{"line":84,"column":6}},"locations":[{"start":{"line":76,"column":4},"end":{"line":84,"column":6}}]},"25":{"type":"branch","line":88,"loc":{"start":{"line":88,"column":37},"end":{"line":92,"column":5}},"locations":[{"start":{"line":88,"column":37},"end":{"line":92,"column":5}}]},"26":{"type":"branch","line":94,"loc":{"start":{"line":94,"column":38},"end":{"line":103,"column":5}},"locations":[{"start":{"line":94,"column":38},"end":{"line":103,"column":5}}]},"27":{"type":"branch","line":95,"loc":{"start":{"line":95,"column":36},"end":{"line":97,"column":5}},"locations":[{"start":{"line":95,"column":36},"end":{"line":97,"column":5}}]},"28":{"type":"branch","line":97,"loc":{"start":{"line":97,"column":4},"end":{"line":102,"column":39}},"locations":[{"start":{"line":97,"column":4},"end":{"line":102,"column":39}}]},"29":{"type":"branch","line":99,"loc":{"start":{"line":99,"column":17},"end":{"line":99,"column":38}},"locations":[{"start":{"line":99,"column":17},"end":{"line":99,"column":38}}]},"30":{"type":"branch","line":100,"loc":{"start":{"line":100,"column":46},"end":{"line":100,"column":64}},"locations":[{"start":{"line":100,"column":46},"end":{"line":100,"column":64}}]},"31":{"type":"branch","line":106,"loc":{"start":{"line":106,"column":4},"end":{"line":168,"column":6}},"locations":[{"start":{"line":106,"column":4},"end":{"line":168,"column":6}}]},"32":{"type":"branch","line":108,"loc":{"start":{"line":108,"column":30},"end":{"line":108,"column":37}},"locations":[{"start":{"line":108,"column":30},"end":{"line":108,"column":37}}]},"33":{"type":"branch","line":113,"loc":{"start":{"line":113,"column":45},"end":{"line":118,"column":7}},"locations":[{"start":{"line":113,"column":45},"end":{"line":118,"column":7}}]},"34":{"type":"branch","line":114,"loc":{"start":{"line":114,"column":63},"end":{"line":117,"column":9}},"locations":[{"start":{"line":114,"column":63},"end":{"line":117,"column":9}}]},"35":{"type":"branch","line":122,"loc":{"start":{"line":122,"column":8},"end":{"line":124,"column":16}},"locations":[{"start":{"line":122,"column":8},"end":{"line":124,"column":16}}]},"36":{"type":"branch","line":125,"loc":{"start":{"line":125,"column":8},"end":{"line":127,"column":16}},"locations":[{"start":{"line":125,"column":8},"end":{"line":127,"column":16}}]},"37":{"type":"branch","line":128,"loc":{"start":{"line":128,"column":8},"end":{"line":136,"column":16}},"locations":[{"start":{"line":128,"column":8},"end":{"line":136,"column":16}}]},"38":{"type":"branch","line":129,"loc":{"start":{"line":129,"column":35},"end":{"line":131,"column":21}},"locations":[{"start":{"line":129,"column":35},"end":{"line":131,"column":21}}]},"39":{"type":"branch","line":131,"loc":{"start":{"line":131,"column":56},"end":{"line":133,"column":17}},"locations":[{"start":{"line":131,"column":56},"end":{"line":133,"column":17}}]},"40":{"type":"branch","line":132,"loc":{"start":{"line":132,"column":26},"end":{"line":132,"column":37}},"locations":[{"start":{"line":132,"column":26},"end":{"line":132,"column":37}}]},"41":{"type":"branch","line":132,"loc":{"start":{"line":132,"column":33},"end":{"line":132,"column":50}},"locations":[{"start":{"line":132,"column":33},"end":{"line":132,"column":50}}]},"42":{"type":"branch","line":133,"loc":{"start":{"line":133,"column":10},"end":{"line":135,"column":11}},"locations":[{"start":{"line":133,"column":10},"end":{"line":135,"column":11}}]},"43":{"type":"branch","line":137,"loc":{"start":{"line":137,"column":8},"end":{"line":145,"column":16}},"locations":[{"start":{"line":137,"column":8},"end":{"line":145,"column":16}}]},"44":{"type":"branch","line":138,"loc":{"start":{"line":138,"column":35},"end":{"line":140,"column":21}},"locations":[{"start":{"line":138,"column":35},"end":{"line":140,"column":21}}]},"45":{"type":"branch","line":140,"loc":{"start":{"line":140,"column":41},"end":{"line":142,"column":17}},"locations":[{"start":{"line":140,"column":41},"end":{"line":142,"column":17}}]},"46":{"type":"branch","line":141,"loc":{"start":{"line":141,"column":48},"end":{"line":141,"column":54}},"locations":[{"start":{"line":141,"column":48},"end":{"line":141,"column":54}}]},"47":{"type":"branch","line":142,"loc":{"start":{"line":142,"column":10},"end":{"line":144,"column":11}},"locations":[{"start":{"line":142,"column":10},"end":{"line":144,"column":11}}]},"48":{"type":"branch","line":149,"loc":{"start":{"line":149,"column":33},"end":{"line":149,"column":47}},"locations":[{"start":{"line":149,"column":33},"end":{"line":149,"column":47}}]},"49":{"type":"branch","line":149,"loc":{"start":{"line":149,"column":42},"end":{"line":149,"column":49}},"locations":[{"start":{"line":149,"column":42},"end":{"line":149,"column":49}}]},"50":{"type":"branch","line":151,"loc":{"start":{"line":151,"column":9},"end":{"line":167,"column":15}},"locations":[{"start":{"line":151,"column":9},"end":{"line":167,"column":15}}]},"51":{"type":"branch","line":154,"loc":{"start":{"line":154,"column":54},"end":{"line":157,"column":9}},"locations":[{"start":{"line":154,"column":54},"end":{"line":157,"column":9}}]},"52":{"type":"branch","line":157,"loc":{"start":{"line":157,"column":8},"end":{"line":161,"column":15}},"locations":[{"start":{"line":157,"column":8},"end":{"line":161,"column":15}}]},"53":{"type":"branch","line":161,"loc":{"start":{"line":161,"column":8},"end":{"line":166,"column":9}},"locations":[{"start":{"line":161,"column":8},"end":{"line":166,"column":9}}]},"54":{"type":"branch","line":173,"loc":{"start":{"line":173,"column":4},"end":{"line":183,"column":6}},"locations":[{"start":{"line":173,"column":4},"end":{"line":183,"column":6}}]},"55":{"type":"branch","line":174,"loc":{"start":{"line":174,"column":29},"end":{"line":178,"column":13}},"locations":[{"start":{"line":174,"column":29},"end":{"line":178,"column":13}}]},"56":{"type":"branch","line":175,"loc":{"start":{"line":175,"column":9},"end":{"line":177,"column":10}},"locations":[{"start":{"line":175,"column":9},"end":{"line":177,"column":10}}]},"57":{"type":"branch","line":176,"loc":{"start":{"line":176,"column":30},"end":{"line":176,"column":37}},"locations":[{"start":{"line":176,"column":30},"end":{"line":176,"column":37}}]},"58":{"type":"branch","line":178,"loc":{"start":{"line":178,"column":6},"end":{"line":182,"column":7}},"locations":[{"start":{"line":178,"column":6},"end":{"line":182,"column":7}}]},"59":{"type":"branch","line":179,"loc":{"start":{"line":179,"column":9},"end":{"line":181,"column":10}},"locations":[{"start":{"line":179,"column":9},"end":{"line":181,"column":10}}]},"60":{"type":"branch","line":188,"loc":{"start":{"line":188,"column":4},"end":{"line":222,"column":6}},"locations":[{"start":{"line":188,"column":4},"end":{"line":222,"column":6}}]},"61":{"type":"branch","line":208,"loc":{"start":{"line":208,"column":24},"end":{"line":213,"column":13}},"locations":[{"start":{"line":208,"column":24},"end":{"line":213,"column":13}}]},"62":{"type":"branch","line":213,"loc":{"start":{"line":213,"column":6},"end":{"line":221,"column":7}},"locations":[{"start":{"line":213,"column":6},"end":{"line":221,"column":7}}]},"63":{"type":"branch","line":189,"loc":{"start":{"line":189,"column":30},"end":{"line":206,"column":8}},"locations":[{"start":{"line":189,"column":30},"end":{"line":206,"column":8}}]},"64":{"type":"branch","line":193,"loc":{"start":{"line":193,"column":33},"end":{"line":198,"column":15}},"locations":[{"start":{"line":193,"column":33},"end":{"line":198,"column":15}}]},"65":{"type":"branch","line":194,"loc":{"start":{"line":194,"column":23},"end":{"line":194,"column":51}},"locations":[{"start":{"line":194,"column":23},"end":{"line":194,"column":51}}]},"66":{"type":"branch","line":194,"loc":{"start":{"line":194,"column":36},"end":{"line":194,"column":70}},"locations":[{"start":{"line":194,"column":36},"end":{"line":194,"column":70}}]},"67":{"type":"branch","line":194,"loc":{"start":{"line":194,"column":70},"end":{"line":196,"column":11}},"locations":[{"start":{"line":194,"column":70},"end":{"line":196,"column":11}}]},"68":{"type":"branch","line":196,"loc":{"start":{"line":196,"column":10},"end":{"line":198,"column":15}},"locations":[{"start":{"line":196,"column":10},"end":{"line":198,"column":15}}]},"69":{"type":"branch","line":198,"loc":{"start":{"line":198,"column":8},"end":{"line":203,"column":9}},"locations":[{"start":{"line":198,"column":8},"end":{"line":203,"column":9}}]},"70":{"type":"branch","line":199,"loc":{"start":{"line":199,"column":33},"end":{"line":201,"column":11}},"locations":[{"start":{"line":199,"column":33},"end":{"line":201,"column":11}}]},"71":{"type":"branch","line":203,"loc":{"start":{"line":203,"column":8},"end":{"line":205,"column":22}},"locations":[{"start":{"line":203,"column":8},"end":{"line":205,"column":22}}]},"72":{"type":"branch","line":214,"loc":{"start":{"line":214,"column":25},"end":{"line":220,"column":9}},"locations":[{"start":{"line":214,"column":25},"end":{"line":220,"column":9}}]},"73":{"type":"branch","line":216,"loc":{"start":{"line":216,"column":31},"end":{"line":218,"column":11}},"locations":[{"start":{"line":216,"column":31},"end":{"line":218,"column":11}}]},"74":{"type":"branch","line":227,"loc":{"start":{"line":227,"column":4},"end":{"line":233,"column":7}},"locations":[{"start":{"line":227,"column":4},"end":{"line":233,"column":7}}]},"75":{"type":"branch","line":228,"loc":{"start":{"line":228,"column":23},"end":{"line":228,"column":56}},"locations":[{"start":{"line":228,"column":23},"end":{"line":228,"column":56}}]},"76":{"type":"branch","line":229,"loc":{"start":{"line":229,"column":23},"end":{"line":229,"column":56}},"locations":[{"start":{"line":229,"column":23},"end":{"line":229,"column":56}}]},"77":{"type":"branch","line":230,"loc":{"start":{"line":230,"column":26},"end":{"line":230,"column":65}},"locations":[{"start":{"line":230,"column":26},"end":{"line":230,"column":65}}]},"78":{"type":"branch","line":231,"loc":{"start":{"line":231,"column":26},"end":{"line":231,"column":65}},"locations":[{"start":{"line":231,"column":26},"end":{"line":231,"column":65}}]},"79":{"type":"branch","line":244,"loc":{"start":{"line":244,"column":4},"end":{"line":259,"column":7}},"locations":[{"start":{"line":244,"column":4},"end":{"line":259,"column":7}}]}},"b":{"0":[96],"1":[91],"2":[83],"3":[70],"4":[12],"5":[95],"6":[3],"7":[0],"8":[0],"9":[95],"10":[94],"11":[34],"12":[61],"13":[64],"14":[59],"15":[5],"16":[1],"17":[4],"18":[94],"19":[3],"20":[1],"21":[2],"22":[91],"23":[304],"24":[152],"25":[152],"26":[11],"27":[1],"28":[10],"29":[20],"30":[30],"31":[11],"32":[0],"33":[19],"34":[11],"35":[1],"36":[1],"37":[6],"38":[0],"39":[2],"40":[1],"41":[1],"42":[4],"43":[3],"44":[0],"45":[1],"46":[0],"47":[2],"48":[3],"49":[8],"50":[12],"51":[11],"52":[1],"53":[0],"54":[30],"55":[24],"56":[2],"57":[0],"58":[6],"59":[2],"60":[31],"61":[1],"62":[30],"63":[31],"64":[5],"65":[4],"66":[1],"67":[1],"68":[4],"69":[26],"70":[21],"71":[30],"72":[30],"73":[29],"74":[64],"75":[63],"76":[63],"77":[63],"78":[63],"79":[94]},"fnMap":{"0":{"name":"computeNewValue","decl":{"start":{"line":189,"column":30},"end":{"line":206,"column":8}},"loc":{"start":{"line":189,"column":30},"end":{"line":206,"column":8}},"line":189}},"f":{"0":31}}
,"/Users/adityaagarwal/Developer/kern-ui/src/components/Accordion/components/AccordionContent.tsx": {"path":"/Users/adityaagarwal/Developer/kern-ui/src/components/Accordion/components/AccordionContent.tsx","all":false,"statementMap":{"0":{"start":{"line":1,"column":0},"end":{"line":1,"column":77}},"1":{"start":{"line":2,"column":0},"end":{"line":2,"column":80}},"2":{"start":{"line":3,"column":0},"end":{"line":3,"column":37}},"3":{"start":{"line":4,"column":0},"end":{"line":4,"column":64}},"6":{"start":{"line":7,"column":0},"end":{"line":7,"column":75}},"7":{"start":{"line":8,"column":0},"end":{"line":8,"column":3}},"8":{"start":{"line":9,"column":0},"end":{"line":9,"column":5}},"9":{"start":{"line":10,"column":0},"end":{"line":10,"column":15}},"10":{"start":{"line":11,"column":0},"end":{"line":11,"column":25}},"11":{"start":{"line":12,"column":0},"end":{"line":12,"column":53}},"12":{"start":{"line":13,"column":0},"end":{"line":13,"column":18}},"13":{"start":{"line":14,"column":0},"end":{"line":14,"column":16}},"14":{"start":{"line":15,"column":0},"end":{"line":15,"column":19}},"15":{"start":{"line":16,"column":0},"end":{"line":16,"column":17}},"16":{"start":{"line":17,"column":0},"end":{"line":17,"column":16}},"17":{"start":{"line":18,"column":0},"end":{"line":18,"column":22}},"18":{"start":{"line":19,"column":0},"end":{"line":19,"column":13}},"19":{"start":{"line":20,"column":0},"end":{"line":20,"column":6}},"20":{"start":{"line":21,"column":0},"end":{"line":21,"column":7}},"21":{"start":{"line":22,"column":0},"end":{"line":22,"column":8}},"22":{"start":{"line":23,"column":0},"end":{"line":23,"column":44}},"23":{"start":{"line":24,"column":0},"end":{"line":24,"column":43}},"25":{"start":{"line":26,"column":0},"end":{"line":26,"column":72}},"26":{"start":{"line":27,"column":0},"end":{"line":27,"column":70}},"27":{"start":{"line":28,"column":0},"end":{"line":28,"column":52}},"28":{"start":{"line":29,"column":0},"end":{"line":29,"column":52}},"30":{"start":{"line":31,"column":0},"end":{"line":31,"column":43}},"31":{"start":{"line":32,"column":0},"end":{"line":32,"column":39}},"32":{"start":{"line":33,"column":0},"end":{"line":33,"column":46}},"33":{"start":{"line":34,"column":0},"end":{"line":34,"column":31}},"34":{"start":{"line":35,"column":0},"end":{"line":35,"column":7}},"35":{"start":{"line":36,"column":0},"end":{"line":36,"column":5}},"37":{"start":{"line":38,"column":0},"end":{"line":38,"column":36}},"38":{"start":{"line":39,"column":0},"end":{"line":39,"column":40}},"39":{"start":{"line":40,"column":0},"end":{"line":40,"column":85}},"40":{"start":{"line":41,"column":0},"end":{"line":41,"column":40}},"41":{"start":{"line":42,"column":0},"end":{"line":42,"column":20}},"42":{"start":{"line":43,"column":0},"end":{"line":43,"column":25}},"43":{"start":{"line":44,"column":0},"end":{"line":44,"column":29}},"44":{"start":{"line":45,"column":0},"end":{"line":45,"column":9}},"45":{"start":{"line":46,"column":0},"end":{"line":46,"column":8}},"46":{"start":{"line":47,"column":0},"end":{"line":47,"column":11}},"47":{"start":{"line":48,"column":0},"end":{"line":48,"column":6}},"49":{"start":{"line":50,"column":0},"end":{"line":50,"column":21}},"50":{"start":{"line":51,"column":0},"end":{"line":51,"column":50}},"51":{"start":{"line":52,"column":0},"end":{"line":52,"column":41}},"53":{"start":{"line":54,"column":0},"end":{"line":54,"column":39}},"54":{"start":{"line":55,"column":0},"end":{"line":55,"column":25}},"55":{"start":{"line":56,"column":0},"end":{"line":56,"column":26}},"56":{"start":{"line":57,"column":0},"end":{"line":57,"column":42}},"57":{"start":{"line":58,"column":0},"end":{"line":58,"column":26}},"58":{"start":{"line":59,"column":0},"end":{"line":59,"column":32}},"59":{"start":{"line":60,"column":0},"end":{"line":60,"column":43}},"60":{"start":{"line":61,"column":0},"end":{"line":61,"column":16}},"61":{"start":{"line":62,"column":0},"end":{"line":62,"column":27}},"62":{"start":{"line":63,"column":0},"end":{"line":63,"column":42}},"63":{"start":{"line":64,"column":0},"end":{"line":64,"column":27}},"64":{"start":{"line":65,"column":0},"end":{"line":65,"column":32}},"65":{"start":{"line":66,"column":0},"end":{"line":66,"column":43}},"66":{"start":{"line":67,"column":0},"end":{"line":67,"column":9}},"67":{"start":{"line":68,"column":0},"end":{"line":68,"column":7}},"69":{"start":{"line":70,"column":0},"end":{"line":70,"column":43}},"70":{"start":{"line":71,"column":0},"end":{"line":71,"column":95}},"72":{"start":{"line":73,"column":0},"end":{"line":73,"column":21}},"73":{"start":{"line":74,"column":0},"end":{"line":74,"column":48}},"74":{"start":{"line":75,"column":0},"end":{"line":75,"column":26}},"76":{"start":{"line":77,"column":0},"end":{"line":77,"column":72}},"78":{"start":{"line":79,"column":0},"end":{"line":79,"column":58}},"80":{"start":{"line":81,"column":0},"end":{"line":81,"column":24}},"81":{"start":{"line":82,"column":0},"end":{"line":82,"column":18}},"82":{"start":{"line":83,"column":0},"end":{"line":83,"column":5}},"84":{"start":{"line":85,"column":0},"end":{"line":85,"column":40}},"86":{"start":{"line":87,"column":0},"end":{"line":87,"column":26}},"87":{"start":{"line":88,"column":0},"end":{"line":88,"column":25}},"88":{"start":{"line":89,"column":0},"end":{"line":89,"column":30}},"89":{"start":{"line":90,"column":0},"end":{"line":90,"column":40}},"90":{"start":{"line":91,"column":0},"end":{"line":91,"column":38}},"91":{"start":{"line":92,"column":0},"end":{"line":92,"column":30}},"92":{"start":{"line":93,"column":0},"end":{"line":93,"column":50}},"93":{"start":{"line":94,"column":0},"end":{"line":94,"column":48}},"94":{"start":{"line":95,"column":0},"end":{"line":95,"column":52}},"95":{"start":{"line":96,"column":0},"end":{"line":96,"column":63}},"96":{"start":{"line":97,"column":0},"end":{"line":97,"column":35}},"97":{"start":{"line":98,"column":0},"end":{"line":98,"column":62}},"98":{"start":{"line":99,"column":0},"end":{"line":99,"column":14}},"99":{"start":{"line":100,"column":0},"end":{"line":100,"column":6}},"101":{"start":{"line":102,"column":0},"end":{"line":102,"column":18}},"102":{"start":{"line":103,"column":0},"end":{"line":103,"column":14}},"103":{"start":{"line":104,"column":0},"end":{"line":104,"column":50}},"104":{"start":{"line":105,"column":0},"end":{"line":105,"column":20}},"105":{"start":{"line":106,"column":0},"end":{"line":106,"column":15}},"107":{"start":{"line":108,"column":0},"end":{"line":108,"column":5}},"109":{"start":{"line":110,"column":0},"end":{"line":110,"column":12}},"110":{"start":{"line":111,"column":0},"end":{"line":111,"column":48}},"111":{"start":{"line":112,"column":0},"end":{"line":112,"column":41}},"112":{"start":{"line":113,"column":0},"end":{"line":113,"column":62}},"113":{"start":{"line":114,"column":0},"end":{"line":114,"column":22}},"114":{"start":{"line":115,"column":0},"end":{"line":115,"column":16}},"115":{"start":{"line":116,"column":0},"end":{"line":116,"column":14}},"116":{"start":{"line":117,"column":0},"end":{"line":117,"column":13}},"118":{"start":{"line":119,"column":0},"end":{"line":119,"column":3}},"119":{"start":{"line":120,"column":0},"end":{"line":120,"column":2}},"121":{"start":{"line":122,"column":0},"end":{"line":122,"column":50}},"123":{"start":{"line":124,"column":0},"end":{"line":124,"column":32}}},"s":{"0":1,"1":1,"2":1,"3":1,"6":1,"7":1,"8":261,"9":261,"10":261,"11":261,"12":261,"13":261,"14":261,"15":261,"16":261,"17":261,"18":261,"19":261,"20":261,"21":261,"22":261,"23":261,"25":261,"26":261,"27":261,"28":261,"30":261,"31":32,"32":32,"33":26,"34":26,"35":32,"37":261,"38":261,"39":72,"40":72,"41":2,"42":72,"43":0,"44":0,"45":72,"46":261,"47":261,"49":261,"50":184,"51":184,"53":184,"54":32,"55":26,"56":26,"57":0,"58":26,"59":26,"60":32,"61":6,"62":6,"63":0,"64":6,"65":6,"66":6,"67":32,"69":152,"70":261,"72":261,"73":184,"74":261,"76":261,"78":261,"80":261,"81":184,"82":184,"84":261,"86":261,"87":261,"88":261,"89":261,"90":261,"91":261,"92":261,"93":261,"94":261,"95":261,"96":261,"97":261,"98":261,"99":261,"101":261,"102":0,"103":0,"104":0,"105":0,"107":0,"109":77,"110":77,"111":77,"112":261,"113":261,"114":261,"115":261,"116":261,"118":261,"119":1,"121":1,"123":1},"branchMap":{"0":{"type":"branch","line":8,"loc":{"start":{"line":8,"column":2},"end":{"line":119,"column":3}},"locations":[{"start":{"line":8,"column":2},"end":{"line":119,"column":3}}]},"1":{"type":"branch","line":31,"loc":{"start":{"line":31,"column":42},"end":{"line":36,"column":5}},"locations":[{"start":{"line":31,"column":42},"end":{"line":36,"column":5}}]},"2":{"type":"branch","line":33,"loc":{"start":{"line":33,"column":15},"end":{"line":33,"column":45}},"locations":[{"start":{"line":33,"column":15},"end":{"line":33,"column":45}}]},"3":{"type":"branch","line":33,"loc":{"start":{"line":33,"column":45},"end":{"line":35,"column":7}},"locations":[{"start":{"line":33,"column":45},"end":{"line":35,"column":7}}]},"4":{"type":"branch","line":77,"loc":{"start":{"line":77,"column":25},"end":{"line":77,"column":58}},"locations":[{"start":{"line":77,"column":25},"end":{"line":77,"column":58}}]},"5":{"type":"branch","line":77,"loc":{"start":{"line":77,"column":44},"end":{"line":77,"column":72}},"locations":[{"start":{"line":77,"column":44},"end":{"line":77,"column":72}}]},"6":{"type":"branch","line":79,"loc":{"start":{"line":79,"column":27},"end":{"line":79,"column":49}},"locations":[{"start":{"line":79,"column":27},"end":{"line":79,"column":49}}]},"7":{"type":"branch","line":79,"loc":{"start":{"line":79,"column":40},"end":{"line":79,"column":58}},"locations":[{"start":{"line":79,"column":40},"end":{"line":79,"column":58}}]},"8":{"type":"branch","line":81,"loc":{"start":{"line":81,"column":23},"end":{"line":83,"column":5}},"locations":[{"start":{"line":81,"column":23},"end":{"line":83,"column":5}}]},"9":{"type":"branch","line":83,"loc":{"start":{"line":83,"column":4},"end":{"line":85,"column":27}},"locations":[{"start":{"line":83,"column":4},"end":{"line":85,"column":27}}]},"10":{"type":"branch","line":85,"loc":{"start":{"line":85,"column":17},"end":{"line":85,"column":34}},"locations":[{"start":{"line":85,"column":17},"end":{"line":85,"column":34}}]},"11":{"type":"branch","line":85,"loc":{"start":{"line":85,"column":27},"end":{"line":85,"column":40}},"locations":[{"start":{"line":85,"column":27},"end":{"line":85,"column":40}}]},"12":{"type":"branch","line":93,"loc":{"start":{"line":93,"column":28},"end":{"line":93,"column":50}},"locations":[{"start":{"line":93,"column":28},"end":{"line":93,"column":50}}]},"13":{"type":"branch","line":96,"loc":{"start":{"line":96,"column":13},"end":{"line":96,"column":46}},"locations":[{"start":{"line":96,"column":13},"end":{"line":96,"column":46}}]},"14":{"type":"branch","line":96,"loc":{"start":{"line":96,"column":26},"end":{"line":96,"column":63}},"locations":[{"start":{"line":96,"column":26},"end":{"line":96,"column":63}}]},"15":{"type":"branch","line":97,"loc":{"start":{"line":97,"column":10},"end":{"line":97,"column":25}},"locations":[{"start":{"line":97,"column":10},"end":{"line":97,"column":25}}]},"16":{"type":"branch","line":102,"loc":{"start":{"line":102,"column":17},"end":{"line":108,"column":5}},"locations":[{"start":{"line":102,"column":17},"end":{"line":108,"column":5}}]},"17":{"type":"branch","line":108,"loc":{"start":{"line":108,"column":4},"end":{"line":113,"column":58}},"locations":[{"start":{"line":108,"column":4},"end":{"line":113,"column":58}}]},"18":{"type":"branch","line":113,"loc":{"start":{"line":113,"column":47},"end":{"line":113,"column":62}},"locations":[{"start":{"line":113,"column":47},"end":{"line":113,"column":62}}]},"19":{"type":"branch","line":39,"loc":{"start":{"line":39,"column":6},"end":{"line":46,"column":8}},"locations":[{"start":{"line":39,"column":6},"end":{"line":46,"column":8}}]},"20":{"type":"branch","line":41,"loc":{"start":{"line":41,"column":39},"end":{"line":43,"column":19}},"locations":[{"start":{"line":41,"column":39},"end":{"line":43,"column":19}}]},"21":{"type":"branch","line":43,"loc":{"start":{"line":43,"column":8},"end":{"line":45,"column":9}},"locations":[{"start":{"line":43,"column":8},"end":{"line":45,"column":9}}]},"22":{"type":"branch","line":43,"loc":{"start":{"line":43,"column":24},"end":{"line":45,"column":9}},"locations":[{"start":{"line":43,"column":24},"end":{"line":45,"column":9}}]},"23":{"type":"branch","line":50,"loc":{"start":{"line":50,"column":14},"end":{"line":71,"column":7}},"locations":[{"start":{"line":50,"column":14},"end":{"line":71,"column":7}}]},"24":{"type":"branch","line":54,"loc":{"start":{"line":54,"column":38},"end":{"line":68,"column":7}},"locations":[{"start":{"line":54,"column":38},"end":{"line":68,"column":7}}]},"25":{"type":"branch","line":55,"loc":{"start":{"line":55,"column":24},"end":{"line":61,"column":15}},"locations":[{"start":{"line":55,"column":24},"end":{"line":61,"column":15}}]},"26":{"type":"branch","line":56,"loc":{"start":{"line":56,"column":10},"end":{"line":56,"column":26}},"locations":[{"start":{"line":56,"column":10},"end":{"line":56,"column":26}}]},"27":{"type":"branch","line":61,"loc":{"start":{"line":61,"column":8},"end":{"line":67,"column":9}},"locations":[{"start":{"line":61,"column":8},"end":{"line":67,"column":9}}]},"28":{"type":"branch","line":62,"loc":{"start":{"line":62,"column":10},"end":{"line":62,"column":27}},"locations":[{"start":{"line":62,"column":10},"end":{"line":62,"column":27}}]},"29":{"type":"branch","line":68,"loc":{"start":{"line":68,"column":6},"end":{"line":70,"column":43}},"locations":[{"start":{"line":68,"column":6},"end":{"line":70,"column":43}}]},"30":{"type":"branch","line":60,"loc":{"start":{"line":60,"column":17},"end":{"line":60,"column":43}},"locations":[{"start":{"line":60,"column":17},"end":{"line":60,"column":43}}]},"31":{"type":"branch","line":66,"loc":{"start":{"line":66,"column":17},"end":{"line":66,"column":43}},"locations":[{"start":{"line":66,"column":17},"end":{"line":66,"column":43}}]},"32":{"type":"branch","line":73,"loc":{"start":{"line":73,"column":14},"end":{"line":75,"column":7}},"locations":[{"start":{"line":73,"column":14},"end":{"line":75,"column":7}}]}},"b":{"0":[261],"1":[32],"2":[26],"3":[26],"4":[257],"5":[196],"6":[63],"7":[198],"8":[184],"9":[77],"10":[0],"11":[77],"12":[77],"13":[63],"14":[14],"15":[77],"16":[0],"17":[77],"18":[0],"19":[72],"20":[2],"21":[70],"22":[0],"23":[184],"24":[32],"25":[26],"26":[1],"27":[6],"28":[1],"29":[152],"30":[26],"31":[6],"32":[184]},"fnMap":{"0":{"name":"prevExpandedRef.current","decl":{"start":{"line":66,"column":17},"end":{"line":66,"column":43}},"loc":{"start":{"line":66,"column":17},"end":{"line":66,"column":43}},"line":66}},"f":{"0":6}}
,"/Users/adityaagarwal/Developer/kern-ui/src/components/Accordion/components/AccordionItem.tsx": {"path":"/Users/adityaagarwal/Developer/kern-ui/src/components/Accordion/components/AccordionItem.tsx","all":false,"statementMap":{"0":{"start":{"line":1,"column":0},"end":{"line":1,"column":44}},"1":{"start":{"line":2,"column":0},"end":{"line":2,"column":77}},"2":{"start":{"line":3,"column":0},"end":{"line":3,"column":37}},"5":{"start":{"line":6,"column":0},"end":{"line":6,"column":69}},"6":{"start":{"line":7,"column":0},"end":{"line":7,"column":94}},"7":{"start":{"line":8,"column":0},"end":{"line":8,"column":44}},"9":{"start":{"line":10,"column":0},"end":{"line":10,"column":56}},"10":{"start":{"line":11,"column":0},"end":{"line":11,"column":59}},"12":{"start":{"line":13,"column":0},"end":{"line":13,"column":66}},"13":{"start":{"line":14,"column":0},"end":{"line":14,"column":66}},"15":{"start":{"line":16,"column":0},"end":{"line":16,"column":64}},"16":{"start":{"line":17,"column":0},"end":{"line":17,"column":14}},"17":{"start":{"line":18,"column":0},"end":{"line":18,"column":14}},"18":{"start":{"line":19,"column":0},"end":{"line":19,"column":17}},"19":{"start":{"line":20,"column":0},"end":{"line":20,"column":19}},"20":{"start":{"line":21,"column":0},"end":{"line":21,"column":18}},"21":{"start":{"line":22,"column":0},"end":{"line":22,"column":18}},"22":{"start":{"line":23,"column":0},"end":{"line":23,"column":9}},"23":{"start":{"line":24,"column":0},"end":{"line":24,"column":57}},"24":{"start":{"line":25,"column":0},"end":{"line":25,"column":6}},"26":{"start":{"line":27,"column":0},"end":{"line":27,"column":53}},"28":{"start":{"line":29,"column":0},"end":{"line":29,"column":40}},"30":{"start":{"line":31,"column":0},"end":{"line":31,"column":12}},"31":{"start":{"line":32,"column":0},"end":{"line":32,"column":62}},"32":{"start":{"line":33,"column":0},"end":{"line":33,"column":13}},"33":{"start":{"line":34,"column":0},"end":{"line":34,"column":19}},"34":{"start":{"line":35,"column":0},"end":{"line":35,"column":84}},"35":{"start":{"line":36,"column":0},"end":{"line":36,"column":32}},"36":{"start":{"line":37,"column":0},"end":{"line":37,"column":47}},"37":{"start":{"line":38,"column":0},"end":{"line":38,"column":50}},"38":{"start":{"line":39,"column":0},"end":{"line":39,"column":19}},"40":{"start":{"line":41,"column":0},"end":{"line":41,"column":20}},"41":{"start":{"line":42,"column":0},"end":{"line":42,"column":15}},"42":{"start":{"line":43,"column":0},"end":{"line":43,"column":38}},"44":{"start":{"line":45,"column":0},"end":{"line":45,"column":3}},"45":{"start":{"line":46,"column":0},"end":{"line":46,"column":2}},"47":{"start":{"line":48,"column":0},"end":{"line":48,"column":44}},"49":{"start":{"line":50,"column":0},"end":{"line":50,"column":29}}},"s":{"0":1,"1":1,"2":1,"5":1,"6":1,"7":232,"9":232,"10":232,"12":232,"13":232,"15":232,"16":232,"17":184,"18":184,"19":184,"20":184,"21":184,"22":184,"23":232,"24":232,"26":232,"28":232,"30":232,"31":232,"32":232,"33":232,"34":232,"35":232,"36":232,"37":232,"38":232,"40":232,"41":232,"42":232,"44":232,"45":1,"47":1,"49":1},"branchMap":{"0":{"type":"branch","line":7,"loc":{"start":{"line":7,"column":2},"end":{"line":45,"column":3}},"locations":[{"start":{"line":7,"column":2},"end":{"line":45,"column":3}}]},"1":{"type":"branch","line":10,"loc":{"start":{"line":10,"column":21},"end":{"line":10,"column":56}},"locations":[{"start":{"line":10,"column":21},"end":{"line":10,"column":56}}]},"2":{"type":"branch","line":27,"loc":{"start":{"line":27,"column":22},"end":{"line":27,"column":44}},"locations":[{"start":{"line":27,"column":22},"end":{"line":27,"column":44}}]},"3":{"type":"branch","line":27,"loc":{"start":{"line":27,"column":35},"end":{"line":27,"column":53}},"locations":[{"start":{"line":27,"column":35},"end":{"line":27,"column":53}}]},"4":{"type":"branch","line":29,"loc":{"start":{"line":29,"column":17},"end":{"line":29,"column":34}},"locations":[{"start":{"line":29,"column":17},"end":{"line":29,"column":34}}]},"5":{"type":"branch","line":29,"loc":{"start":{"line":29,"column":27},"end":{"line":29,"column":40}},"locations":[{"start":{"line":29,"column":27},"end":{"line":29,"column":40}}]},"6":{"type":"branch","line":35,"loc":{"start":{"line":35,"column":45},"end":{"line":35,"column":55}},"locations":[{"start":{"line":35,"column":45},"end":{"line":35,"column":55}}]},"7":{"type":"branch","line":35,"loc":{"start":{"line":35,"column":59},"end":{"line":35,"column":74}},"locations":[{"start":{"line":35,"column":59},"end":{"line":35,"column":74}}]},"8":{"type":"branch","line":37,"loc":{"start":{"line":37,"column":25},"end":{"line":37,"column":47}},"locations":[{"start":{"line":37,"column":25},"end":{"line":37,"column":47}}]},"9":{"type":"branch","line":17,"loc":{"start":{"line":17,"column":6},"end":{"line":23,"column":9}},"locations":[{"start":{"line":17,"column":6},"end":{"line":23,"column":9}}]}},"b":{"0":[232],"1":[227],"2":[37],"3":[192],"4":[0],"5":[229],"6":[0],"7":[229],"8":[218],"9":[184]},"fnMap":{},"f":{}}
,"/Users/adityaagarwal/Developer/kern-ui/src/components/Accordion/components/AccordionTrigger.tsx": {"path":"/Users/adityaagarwal/Developer/kern-ui/src/components/Accordion/components/AccordionTrigger.tsx","all":false,"statementMap":{"0":{"start":{"line":1,"column":0},"end":{"line":1,"column":74}},"1":{"start":{"line":2,"column":0},"end":{"line":2,"column":80}},"2":{"start":{"line":3,"column":0},"end":{"line":3,"column":49}},"3":{"start":{"line":4,"column":0},"end":{"line":4,"column":37}},"6":{"start":{"line":7,"column":0},"end":{"line":7,"column":78}},"7":{"start":{"line":8,"column":0},"end":{"line":8,"column":3}},"8":{"start":{"line":9,"column":0},"end":{"line":9,"column":5}},"9":{"start":{"line":10,"column":0},"end":{"line":10,"column":15}},"10":{"start":{"line":11,"column":0},"end":{"line":11,"column":19}},"11":{"start":{"line":12,"column":0},"end":{"line":12,"column":20}},"12":{"start":{"line":13,"column":0},"end":{"line":13,"column":29}},"13":{"start":{"line":14,"column":0},"end":{"line":14,"column":16}},"14":{"start":{"line":15,"column":0},"end":{"line":15,"column":22}},"15":{"start":{"line":16,"column":0},"end":{"line":16,"column":13}},"16":{"start":{"line":17,"column":0},"end":{"line":17,"column":6}},"17":{"start":{"line":18,"column":0},"end":{"line":18,"column":7}},"18":{"start":{"line":19,"column":0},"end":{"line":19,"column":8}},"19":{"start":{"line":20,"column":0},"end":{"line":20,"column":44}},"20":{"start":{"line":21,"column":0},"end":{"line":21,"column":43}},"21":{"start":{"line":22,"column":0},"end":{"line":22,"column":61}},"23":{"start":{"line":24,"column":0},"end":{"line":24,"column":55}},"25":{"start":{"line":26,"column":0},"end":{"line":26,"column":21}},"26":{"start":{"line":27,"column":0},"end":{"line":27,"column":39}},"27":{"start":{"line":28,"column":0},"end":{"line":28,"column":19}},"28":{"start":{"line":29,"column":0},"end":{"line":29,"column":41}},"29":{"start":{"line":30,"column":0},"end":{"line":30,"column":7}},"30":{"start":{"line":31,"column":0},"end":{"line":31,"column":20}},"31":{"start":{"line":32,"column":0},"end":{"line":32,"column":35}},"32":{"start":{"line":33,"column":0},"end":{"line":33,"column":8}},"33":{"start":{"line":34,"column":0},"end":{"line":34,"column":51}},"35":{"start":{"line":36,"column":0},"end":{"line":36,"column":57}},"36":{"start":{"line":37,"column":0},"end":{"line":37,"column":31}},"37":{"start":{"line":38,"column":0},"end":{"line":38,"column":38}},"38":{"start":{"line":39,"column":0},"end":{"line":39,"column":18}},"39":{"start":{"line":40,"column":0},"end":{"line":40,"column":23}},"40":{"start":{"line":41,"column":0},"end":{"line":41,"column":27}},"41":{"start":{"line":42,"column":0},"end":{"line":42,"column":7}},"42":{"start":{"line":43,"column":0},"end":{"line":43,"column":6}},"44":{"start":{"line":45,"column":0},"end":{"line":45,"column":31}},"45":{"start":{"line":46,"column":0},"end":{"line":46,"column":27}},"46":{"start":{"line":47,"column":0},"end":{"line":47,"column":41}},"47":{"start":{"line":48,"column":0},"end":{"line":48,"column":7}},"48":{"start":{"line":49,"column":0},"end":{"line":49,"column":6}},"50":{"start":{"line":51,"column":0},"end":{"line":51,"column":72}},"51":{"start":{"line":52,"column":0},"end":{"line":52,"column":62}},"52":{"start":{"line":53,"column":0},"end":{"line":53,"column":44}},"54":{"start":{"line":55,"column":0},"end":{"line":55,"column":26}},"55":{"start":{"line":56,"column":0},"end":{"line":56,"column":26}},"57":{"start":{"line":58,"column":0},"end":{"line":58,"column":23}},"58":{"start":{"line":59,"column":0},"end":{"line":59,"column":30}},"59":{"start":{"line":60,"column":0},"end":{"line":60,"column":28}},"60":{"start":{"line":61,"column":0},"end":{"line":61,"column":14}},"61":{"start":{"line":62,"column":0},"end":{"line":62,"column":53}},"62":{"start":{"line":63,"column":0},"end":{"line":63,"column":53}},"63":{"start":{"line":64,"column":0},"end":{"line":64,"column":7}},"65":{"start":{"line":66,"column":0},"end":{"line":66,"column":26}},"66":{"start":{"line":67,"column":0},"end":{"line":67,"column":21}},"67":{"start":{"line":68,"column":0},"end":{"line":68,"column":33}},"68":{"start":{"line":69,"column":0},"end":{"line":69,"column":38}},"69":{"start":{"line":70,"column":0},"end":{"line":70,"column":16}},"70":{"start":{"line":71,"column":0},"end":{"line":71,"column":21}},"71":{"start":{"line":72,"column":0},"end":{"line":72,"column":33}},"72":{"start":{"line":73,"column":0},"end":{"line":73,"column":38}},"73":{"start":{"line":74,"column":0},"end":{"line":74,"column":16}},"74":{"start":{"line":75,"column":0},"end":{"line":75,"column":20}},"75":{"start":{"line":76,"column":0},"end":{"line":76,"column":33}},"76":{"start":{"line":77,"column":0},"end":{"line":77,"column":39}},"77":{"start":{"line":78,"column":0},"end":{"line":78,"column":16}},"78":{"start":{"line":79,"column":0},"end":{"line":79,"column":19}},"79":{"start":{"line":80,"column":0},"end":{"line":80,"column":33}},"80":{"start":{"line":81,"column":0},"end":{"line":81,"column":38}},"81":{"start":{"line":82,"column":0},"end":{"line":82,"column":16}},"82":{"start":{"line":83,"column":0},"end":{"line":83,"column":7}},"83":{"start":{"line":84,"column":0},"end":{"line":84,"column":6}},"85":{"start":{"line":86,"column":0},"end":{"line":86,"column":30}},"86":{"start":{"line":87,"column":0},"end":{"line":87,"column":47}},"88":{"start":{"line":89,"column":0},"end":{"line":89,"column":42}},"89":{"start":{"line":90,"column":0},"end":{"line":90,"column":62}},"90":{"start":{"line":91,"column":0},"end":{"line":91,"column":7}},"92":{"start":{"line":93,"column":0},"end":{"line":93,"column":43}},"93":{"start":{"line":94,"column":0},"end":{"line":94,"column":28}},"94":{"start":{"line":95,"column":0},"end":{"line":95,"column":7}},"96":{"start":{"line":97,"column":0},"end":{"line":97,"column":14}},"97":{"start":{"line":98,"column":0},"end":{"line":98,"column":24}},"98":{"start":{"line":99,"column":0},"end":{"line":99,"column":59}},"99":{"start":{"line":100,"column":0},"end":{"line":100,"column":47}},"100":{"start":{"line":101,"column":0},"end":{"line":101,"column":13}},"101":{"start":{"line":102,"column":0},"end":{"line":102,"column":10}},"103":{"start":{"line":104,"column":0},"end":{"line":104,"column":6}},"105":{"start":{"line":106,"column":0},"end":{"line":106,"column":52}},"106":{"start":{"line":107,"column":0},"end":{"line":107,"column":52}},"107":{"start":{"line":108,"column":0},"end":{"line":108,"column":22}},"108":{"start":{"line":109,"column":0},"end":{"line":109,"column":13}},"111":{"start":{"line":112,"column":0},"end":{"line":112,"column":58}},"113":{"start":{"line":114,"column":0},"end":{"line":114,"column":95}},"115":{"start":{"line":116,"column":0},"end":{"line":116,"column":26}},"116":{"start":{"line":117,"column":0},"end":{"line":117,"column":25}},"117":{"start":{"line":118,"column":0},"end":{"line":118,"column":30}},"118":{"start":{"line":119,"column":0},"end":{"line":119,"column":77}},"119":{"start":{"line":120,"column":0},"end":{"line":120,"column":69}},"120":{"start":{"line":121,"column":0},"end":{"line":121,"column":16}},"121":{"start":{"line":122,"column":0},"end":{"line":122,"column":27}},"122":{"start":{"line":123,"column":0},"end":{"line":123,"column":31}},"123":{"start":{"line":124,"column":0},"end":{"line":124,"column":39}},"124":{"start":{"line":125,"column":0},"end":{"line":125,"column":38}},"125":{"start":{"line":126,"column":0},"end":{"line":126,"column":30}},"126":{"start":{"line":127,"column":0},"end":{"line":127,"column":30}},"127":{"start":{"line":128,"column":0},"end":{"line":128,"column":50}},"128":{"start":{"line":129,"column":0},"end":{"line":129,"column":48}},"129":{"start":{"line":130,"column":0},"end":{"line":130,"column":14}},"130":{"start":{"line":131,"column":0},"end":{"line":131,"column":6}},"132":{"start":{"line":133,"column":0},"end":{"line":133,"column":43}},"134":{"start":{"line":135,"column":0},"end":{"line":135,"column":31}},"135":{"start":{"line":136,"column":0},"end":{"line":136,"column":14}},"137":{"start":{"line":138,"column":0},"end":{"line":138,"column":8}},"138":{"start":{"line":139,"column":0},"end":{"line":139,"column":48}},"139":{"start":{"line":140,"column":0},"end":{"line":140,"column":60}},"140":{"start":{"line":141,"column":0},"end":{"line":141,"column":49}},"141":{"start":{"line":142,"column":0},"end":{"line":142,"column":9}},"144":{"start":{"line":145,"column":0},"end":{"line":145,"column":12}},"145":{"start":{"line":146,"column":0},"end":{"line":146,"column":34}},"146":{"start":{"line":147,"column":0},"end":{"line":147,"column":46}},"147":{"start":{"line":148,"column":0},"end":{"line":148,"column":19}},"148":{"start":{"line":149,"column":0},"end":{"line":149,"column":15}},"149":{"start":{"line":150,"column":0},"end":{"line":150,"column":19}},"151":{"start":{"line":152,"column":0},"end":{"line":152,"column":3}},"152":{"start":{"line":153,"column":0},"end":{"line":153,"column":2}},"154":{"start":{"line":155,"column":0},"end":{"line":155,"column":50}},"156":{"start":{"line":157,"column":0},"end":{"line":157,"column":32}}},"s":{"0":1,"1":1,"2":1,"3":1,"6":1,"7":1,"8":232,"9":232,"10":232,"11":232,"12":232,"13":232,"14":232,"15":232,"16":232,"17":232,"18":232,"19":232,"20":232,"21":232,"23":232,"25":232,"26":152,"27":152,"28":152,"29":152,"30":152,"31":152,"32":152,"33":232,"35":232,"36":458,"37":458,"38":2,"39":458,"40":0,"41":0,"42":458,"44":232,"45":31,"46":31,"47":31,"48":31,"50":232,"51":13,"52":13,"54":13,"55":13,"57":13,"58":10,"59":10,"60":13,"61":3,"62":3,"63":3,"65":13,"66":13,"67":6,"68":6,"69":6,"70":13,"71":3,"72":3,"73":3,"74":13,"75":1,"76":1,"77":1,"78":13,"79":1,"80":1,"81":1,"82":13,"83":13,"85":232,"86":228,"88":228,"89":2,"90":2,"92":228,"93":0,"94":0,"96":226,"97":226,"98":228,"99":228,"100":228,"101":228,"103":228,"105":232,"106":228,"107":228,"108":228,"111":232,"113":232,"115":232,"116":232,"117":232,"118":232,"119":232,"120":232,"121":232,"122":232,"123":232,"124":232,"125":232,"126":232,"127":232,"128":232,"129":232,"130":232,"132":232,"134":232,"135":0,"137":229,"138":229,"139":229,"140":229,"141":229,"144":232,"145":232,"146":232,"147":232,"148":232,"149":232,"151":232,"152":1,"154":1,"156":1},"branchMap":{"0":{"type":"branch","line":8,"loc":{"start":{"line":8,"column":2},"end":{"line":152,"column":3}},"locations":[{"start":{"line":8,"column":2},"end":{"line":152,"column":3}}]},"1":{"type":"branch","line":106,"loc":{"start":{"line":106,"column":41},"end":{"line":109,"column":13}},"locations":[{"start":{"line":106,"column":41},"end":{"line":109,"column":13}}]},"2":{"type":"branch","line":112,"loc":{"start":{"line":112,"column":27},"end":{"line":112,"column":49}},"locations":[{"start":{"line":112,"column":27},"end":{"line":112,"column":49}}]},"3":{"type":"branch","line":112,"loc":{"start":{"line":112,"column":40},"end":{"line":112,"column":58}},"locations":[{"start":{"line":112,"column":40},"end":{"line":112,"column":58}}]},"4":{"type":"branch","line":119,"loc":{"start":{"line":119,"column":41},"end":{"line":119,"column":54}},"locations":[{"start":{"line":119,"column":41},"end":{"line":119,"column":54}}]},"5":{"type":"branch","line":119,"loc":{"start":{"line":119,"column":58},"end":{"line":119,"column":73}},"locations":[{"start":{"line":119,"column":58},"end":{"line":119,"column":73}}]},"6":{"type":"branch","line":120,"loc":{"start":{"line":120,"column":25},"end":{"line":120,"column":67}},"locations":[{"start":{"line":120,"column":25},"end":{"line":120,"column":67}}]},"7":{"type":"branch","line":120,"loc":{"start":{"line":120,"column":34},"end":{"line":120,"column":69}},"locations":[{"start":{"line":120,"column":34},"end":{"line":120,"column":69}}]},"8":{"type":"branch","line":128,"loc":{"start":{"line":128,"column":28},"end":{"line":128,"column":50}},"locations":[{"start":{"line":128,"column":28},"end":{"line":128,"column":50}}]},"9":{"type":"branch","line":133,"loc":{"start":{"line":133,"column":17},"end":{"line":133,"column":34}},"locations":[{"start":{"line":133,"column":17},"end":{"line":133,"column":34}}]},"10":{"type":"branch","line":133,"loc":{"start":{"line":133,"column":27},"end":{"line":133,"column":43}},"locations":[{"start":{"line":133,"column":27},"end":{"line":133,"column":43}}]},"11":{"type":"branch","line":135,"loc":{"start":{"line":135,"column":20},"end":{"line":136,"column":14}},"locations":[{"start":{"line":135,"column":20},"end":{"line":136,"column":14}}]},"12":{"type":"branch","line":136,"loc":{"start":{"line":136,"column":6},"end":{"line":142,"column":9}},"locations":[{"start":{"line":136,"column":6},"end":{"line":142,"column":9}}]},"13":{"type":"branch","line":139,"loc":{"start":{"line":139,"column":26},"end":{"line":139,"column":48}},"locations":[{"start":{"line":139,"column":26},"end":{"line":139,"column":48}}]},"14":{"type":"branch","line":141,"loc":{"start":{"line":141,"column":26},"end":{"line":141,"column":49}},"locations":[{"start":{"line":141,"column":26},"end":{"line":141,"column":49}}]},"15":{"type":"branch","line":26,"loc":{"start":{"line":26,"column":14},"end":{"line":34,"column":7}},"locations":[{"start":{"line":26,"column":14},"end":{"line":34,"column":7}}]},"16":{"type":"branch","line":31,"loc":{"start":{"line":31,"column":13},"end":{"line":33,"column":8}},"locations":[{"start":{"line":31,"column":13},"end":{"line":33,"column":8}}]},"17":{"type":"branch","line":36,"loc":{"start":{"line":36,"column":20},"end":{"line":43,"column":6}},"locations":[{"start":{"line":36,"column":20},"end":{"line":43,"column":6}}]},"18":{"type":"branch","line":38,"loc":{"start":{"line":38,"column":37},"end":{"line":40,"column":17}},"locations":[{"start":{"line":38,"column":37},"end":{"line":40,"column":17}}]},"19":{"type":"branch","line":40,"loc":{"start":{"line":40,"column":6},"end":{"line":42,"column":7}},"locations":[{"start":{"line":40,"column":6},"end":{"line":42,"column":7}}]},"20":{"type":"branch","line":40,"loc":{"start":{"line":40,"column":22},"end":{"line":42,"column":7}},"locations":[{"start":{"line":40,"column":22},"end":{"line":42,"column":7}}]},"21":{"type":"branch","line":45,"loc":{"start":{"line":45,"column":24},"end":{"line":49,"column":6}},"locations":[{"start":{"line":45,"column":24},"end":{"line":49,"column":6}}]},"22":{"type":"branch","line":51,"loc":{"start":{"line":51,"column":26},"end":{"line":84,"column":6}},"locations":[{"start":{"line":51,"column":26},"end":{"line":84,"column":6}}]},"23":{"type":"branch","line":58,"loc":{"start":{"line":58,"column":22},"end":{"line":61,"column":13}},"locations":[{"start":{"line":58,"column":22},"end":{"line":61,"column":13}}]},"24":{"type":"branch","line":61,"loc":{"start":{"line":61,"column":6},"end":{"line":64,"column":7}},"locations":[{"start":{"line":61,"column":6},"end":{"line":64,"column":7}}]},"25":{"type":"branch","line":62,"loc":{"start":{"line":62,"column":18},"end":{"line":62,"column":40}},"locations":[{"start":{"line":62,"column":18},"end":{"line":62,"column":40}}]},"26":{"type":"branch","line":62,"loc":{"start":{"line":62,"column":26},"end":{"line":62,"column":53}},"locations":[{"start":{"line":62,"column":26},"end":{"line":62,"column":53}}]},"27":{"type":"branch","line":63,"loc":{"start":{"line":63,"column":18},"end":{"line":63,"column":41}},"locations":[{"start":{"line":63,"column":18},"end":{"line":63,"column":41}}]},"28":{"type":"branch","line":63,"loc":{"start":{"line":63,"column":26},"end":{"line":63,"column":53}},"locations":[{"start":{"line":63,"column":26},"end":{"line":63,"column":53}}]},"29":{"type":"branch","line":67,"loc":{"start":{"line":67,"column":8},"end":{"line":70,"column":16}},"locations":[{"start":{"line":67,"column":8},"end":{"line":70,"column":16}}]},"30":{"type":"branch","line":71,"loc":{"start":{"line":71,"column":8},"end":{"line":74,"column":16}},"locations":[{"start":{"line":71,"column":8},"end":{"line":74,"column":16}}]},"31":{"type":"branch","line":75,"loc":{"start":{"line":75,"column":8},"end":{"line":78,"column":16}},"locations":[{"start":{"line":75,"column":8},"end":{"line":78,"column":16}}]},"32":{"type":"branch","line":79,"loc":{"start":{"line":79,"column":8},"end":{"line":82,"column":16}},"locations":[{"start":{"line":79,"column":8},"end":{"line":82,"column":16}}]},"33":{"type":"branch","line":86,"loc":{"start":{"line":86,"column":23},"end":{"line":104,"column":6}},"locations":[{"start":{"line":86,"column":23},"end":{"line":104,"column":6}}]},"34":{"type":"branch","line":87,"loc":{"start":{"line":87,"column":35},"end":{"line":87,"column":47}},"locations":[{"start":{"line":87,"column":35},"end":{"line":87,"column":47}}]},"35":{"type":"branch","line":89,"loc":{"start":{"line":89,"column":10},"end":{"line":89,"column":41}},"locations":[{"start":{"line":89,"column":10},"end":{"line":89,"column":41}}]},"36":{"type":"branch","line":89,"loc":{"start":{"line":89,"column":41},"end":{"line":91,"column":7}},"locations":[{"start":{"line":89,"column":41},"end":{"line":91,"column":7}}]},"37":{"type":"branch","line":90,"loc":{"start":{"line":90,"column":20},"end":{"line":90,"column":48}},"locations":[{"start":{"line":90,"column":20},"end":{"line":90,"column":48}}]},"38":{"type":"branch","line":90,"loc":{"start":{"line":90,"column":33},"end":{"line":90,"column":62}},"locations":[{"start":{"line":90,"column":33},"end":{"line":90,"column":62}}]},"39":{"type":"branch","line":91,"loc":{"start":{"line":91,"column":6},"end":{"line":93,"column":26}},"locations":[{"start":{"line":91,"column":6},"end":{"line":93,"column":26}}]},"40":{"type":"branch","line":93,"loc":{"start":{"line":93,"column":10},"end":{"line":93,"column":42}},"locations":[{"start":{"line":93,"column":10},"end":{"line":93,"column":42}}]},"41":{"type":"branch","line":93,"loc":{"start":{"line":93,"column":42},"end":{"line":95,"column":7}},"locations":[{"start":{"line":93,"column":42},"end":{"line":95,"column":7}}]},"42":{"type":"branch","line":95,"loc":{"start":{"line":95,"column":6},"end":{"line":99,"column":53}},"locations":[{"start":{"line":95,"column":6},"end":{"line":99,"column":53}}]},"43":{"type":"branch","line":99,"loc":{"start":{"line":99,"column":45},"end":{"line":99,"column":55}},"locations":[{"start":{"line":99,"column":45},"end":{"line":99,"column":55}}]},"44":{"type":"branch","line":100,"loc":{"start":{"line":100,"column":17},"end":{"line":100,"column":45}},"locations":[{"start":{"line":100,"column":17},"end":{"line":100,"column":45}}]},"45":{"type":"branch","line":100,"loc":{"start":{"line":100,"column":30},"end":{"line":100,"column":47}},"locations":[{"start":{"line":100,"column":30},"end":{"line":100,"column":47}}]}},"b":{"0":[232],"1":[228],"2":[37],"3":[192],"4":[0],"5":[229],"6":[1],"7":[228],"8":[218],"9":[0],"10":[229],"11":[0],"12":[229],"13":[1],"14":[227],"15":[152],"16":[152],"17":[458],"18":[2],"19":[456],"20":[0],"21":[31],"22":[13],"23":[10],"24":[3],"25":[1],"26":[2],"27":[1],"28":[2],"29":[6],"30":[3],"31":[1],"32":[1],"33":[228],"34":[0],"35":[2],"36":[2],"37":[1],"38":[1],"39":[226],"40":[0],"41":[0],"42":[226],"43":[0],"44":[36],"45":[190]},"fnMap":{"0":{"name":"setRefs","decl":{"start":{"line":36,"column":20},"end":{"line":43,"column":6}},"loc":{"start":{"line":36,"column":20},"end":{"line":43,"column":6}},"line":36},"1":{"name":"handleClick","decl":{"start":{"line":45,"column":24},"end":{"line":49,"column":6}},"loc":{"start":{"line":45,"column":24},"end":{"line":49,"column":6}},"line":45},"2":{"name":"handleKeyDown","decl":{"start":{"line":51,"column":26},"end":{"line":84,"column":6}},"loc":{"start":{"line":51,"column":26},"end":{"line":84,"column":6}},"line":51},"3":{"name":"renderIcon","decl":{"start":{"line":86,"column":23},"end":{"line":104,"column":6}},"loc":{"start":{"line":86,"column":23},"end":{"line":104,"column":6}},"line":86}},"f":{"0":458,"1":31,"2":13,"3":228}}
,"/Users/adityaagarwal/Developer/kern-ui/src/components/Accordion/utils/constants.ts": {"path":"/Users/adityaagarwal/Developer/kern-ui/src/components/Accordion/utils/constants.ts","all":false,"statementMap":{"2":{"start":{"line":3,"column":0},"end":{"line":3,"column":67}},"3":{"start":{"line":4,"column":0},"end":{"line":4,"column":17}},"4":{"start":{"line":5,"column":0},"end":{"line":5,"column":51}},"5":{"start":{"line":6,"column":0},"end":{"line":6,"column":10}},"6":{"start":{"line":7,"column":0},"end":{"line":7,"column":266}},"7":{"start":{"line":8,"column":0},"end":{"line":8,"column":45}},"8":{"start":{"line":9,"column":0},"end":{"line":9,"column":75}},"9":{"start":{"line":10,"column":0},"end":{"line":10,"column":2}},"11":{"start":{"line":12,"column":0},"end":{"line":12,"column":46}},"12":{"start":{"line":13,"column":0},"end":{"line":13,"column":48}},"13":{"start":{"line":14,"column":0},"end":{"line":14,"column":55}},"14":{"start":{"line":15,"column":0},"end":{"line":15,"column":48}},"15":{"start":{"line":16,"column":0},"end":{"line":16,"column":33}}},"s":{"2":1,"3":1,"4":1,"5":1,"6":1,"7":1,"8":1,"9":1,"11":1,"12":1,"13":1,"14":1,"15":1},"branchMap":{},"b":{},"fnMap":{},"f":{}}
,"/Users/adityaagarwal/Developer/kern-ui/src/components/Accordion/utils/context.ts": {"path":"/Users/adityaagarwal/Developer/kern-ui/src/components/Accordion/utils/context.ts","all":false,"statementMap":{"0":{"start":{"line":1,"column":0},"end":{"line":1,"column":50}},"3":{"start":{"line":4,"column":0},"end":{"line":4,"column":82}},"5":{"start":{"line":6,"column":0},"end":{"line":6,"column":62}},"6":{"start":{"line":7,"column":0},"end":{"line":7,"column":47}},"7":{"start":{"line":8,"column":0},"end":{"line":8,"column":17}},"8":{"start":{"line":9,"column":0},"end":{"line":9,"column":20}},"9":{"start":{"line":10,"column":0},"end":{"line":10,"column":82}},"10":{"start":{"line":11,"column":0},"end":{"line":11,"column":6}},"11":{"start":{"line":12,"column":0},"end":{"line":12,"column":3}},"12":{"start":{"line":13,"column":0},"end":{"line":13,"column":17}},"13":{"start":{"line":14,"column":0},"end":{"line":14,"column":1}},"15":{"start":{"line":16,"column":0},"end":{"line":16,"column":90}},"17":{"start":{"line":18,"column":0},"end":{"line":18,"column":70}},"18":{"start":{"line":19,"column":0},"end":{"line":19,"column":51}},"19":{"start":{"line":20,"column":0},"end":{"line":20,"column":17}},"20":{"start":{"line":21,"column":0},"end":{"line":21,"column":20}},"21":{"start":{"line":22,"column":0},"end":{"line":22,"column":94}},"22":{"start":{"line":23,"column":0},"end":{"line":23,"column":6}},"23":{"start":{"line":24,"column":0},"end":{"line":24,"column":3}},"24":{"start":{"line":25,"column":0},"end":{"line":25,"column":17}},"25":{"start":{"line":26,"column":0},"end":{"line":26,"column":1}}},"s":{"0":1,"3":1,"5":1,"6":723,"7":723,"8":2,"9":2,"10":2,"11":2,"12":721,"13":721,"15":1,"17":1,"18":492,"19":492,"20":2,"21":2,"22":2,"23":2,"24":490,"25":490},"branchMap":{"0":{"type":"branch","line":6,"loc":{"start":{"line":6,"column":7},"end":{"line":14,"column":1}},"locations":[{"start":{"line":6,"column":7},"end":{"line":14,"column":1}}]},"1":{"type":"branch","line":8,"loc":{"start":{"line":8,"column":16},"end":{"line":12,"column":3}},"locations":[{"start":{"line":8,"column":16},"end":{"line":12,"column":3}}]},"2":{"type":"branch","line":12,"loc":{"start":{"line":12,"column":2},"end":{"line":14,"column":1}},"locations":[{"start":{"line":12,"column":2},"end":{"line":14,"column":1}}]},"3":{"type":"branch","line":18,"loc":{"start":{"line":18,"column":7},"end":{"line":26,"column":1}},"locations":[{"start":{"line":18,"column":7},"end":{"line":26,"column":1}}]},"4":{"type":"branch","line":20,"loc":{"start":{"line":20,"column":16},"end":{"line":24,"column":3}},"locations":[{"start":{"line":20,"column":16},"end":{"line":24,"column":3}}]},"5":{"type":"branch","line":24,"loc":{"start":{"line":24,"column":2},"end":{"line":26,"column":1}},"locations":[{"start":{"line":24,"column":2},"end":{"line":26,"column":1}}]}},"b":{"0":[723],"1":[2],"2":[721],"3":[492],"4":[2],"5":[490]},"fnMap":{"0":{"name":"useAccordionContext","decl":{"start":{"line":6,"column":7},"end":{"line":14,"column":1}},"loc":{"start":{"line":6,"column":7
[...]
":{"start":{"line":165,"column":0},"end":{"line":165,"column":26}},"165":{"start":{"line":166,"column":0},"end":{"line":166,"column":38}},"166":{"start":{"line":167,"column":0},"end":{"line":167,"column":27}},"167":{"start":{"line":168,"column":0},"end":{"line":168,"column":26}},"168":{"start":{"line":169,"column":0},"end":{"line":169,"column":19}},"169":{"start":{"line":170,"column":0},"end":{"line":170,"column":23}},"170":{"start":{"line":171,"column":0},"end":{"line":171,"column":17}},"171":{"start":{"line":172,"column":0},"end":{"line":172,"column":23}},"172":{"start":{"line":173,"column":0},"end":{"line":173,"column":23}},"173":{"start":{"line":174,"column":0},"end":{"line":174,"column":20}},"174":{"start":{"line":175,"column":0},"end":{"line":175,"column":20}},"175":{"start":{"line":176,"column":0},"end":{"line":176,"column":21}},"176":{"start":{"line":177,"column":0},"end":{"line":177,"column":28}},"177":{"start":{"line":178,"column":0},"end":{"line":178,"column":28}},"178":{"start":{"line":179,"column":0},"end":{"line":179,"column":19}},"179":{"start":{"line":180,"column":0},"end":{"line":180,"column":26}},"180":{"start":{"line":181,"column":0},"end":{"line":181,"column":17}},"181":{"start":{"line":182,"column":0},"end":{"line":182,"column":6}},"182":{"start":{"line":183,"column":0},"end":{"line":183,"column":8}},"183":{"start":{"line":184,"column":0},"end":{"line":184,"column":8}},"184":{"start":{"line":185,"column":0},"end":{"line":185,"column":53}},"185":{"start":{"line":186,"column":0},"end":{"line":186,"column":52}},"186":{"start":{"line":187,"column":0},"end":{"line":187,"column":50}},"187":{"start":{"line":188,"column":0},"end":{"line":188,"column":79}},"188":{"start":{"line":189,"column":0},"end":{"line":189,"column":78}},"190":{"start":{"line":191,"column":0},"end":{"line":191,"column":66}},"191":{"start":{"line":192,"column":0},"end":{"line":192,"column":58}},"192":{"start":{"line":193,"column":0},"end":{"line":193,"column":76}},"193":{"start":{"line":194,"column":0},"end":{"line":194,"column":60}},"195":{"start":{"line":196,"column":0},"end":{"line":196,"column":54}},"196":{"start":{"line":197,"column":0},"end":{"line":197,"column":64}},"198":{"start":{"line":199,"column":0},"end":{"line":199,"column":32}},"199":{"start":{"line":200,"column":0},"end":{"line":200,"column":27}},"200":{"start":{"line":201,"column":0},"end":{"line":201,"column":28}},"201":{"start":{"line":202,"column":0},"end":{"line":202,"column":33}},"202":{"start":{"line":203,"column":0},"end":{"line":203,"column":9}},"203":{"start":{"line":204,"column":0},"end":{"line":204,"column":30}},"204":{"start":{"line":205,"column":0},"end":{"line":205,"column":8}},"205":{"start":{"line":206,"column":0},"end":{"line":206,"column":35}},"206":{"start":{"line":207,"column":0},"end":{"line":207,"column":6}},"208":{"start":{"line":209,"column":0},"end":{"line":209,"column":47}},"209":{"start":{"line":210,"column":0},"end":{"line":210,"column":40}},"210":{"start":{"line":211,"column":0},"end":{"line":211,"column":35}},"211":{"start":{"line":212,"column":0},"end":{"line":212,"column":56}},"212":{"start":{"line":213,"column":0},"end":{"line":213,"column":7}},"213":{"start":{"line":214,"column":0},"end":{"line":214,"column":19}},"215":{"start":{"line":216,"column":0},"end":{"line":216,"column":21}},"216":{"start":{"line":217,"column":0},"end":{"line":217,"column":24}},"217":{"start":{"line":218,"column":0},"end":{"line":218,"column":57}},"218":{"start":{"line":219,"column":0},"end":{"line":219,"column":73}},"219":{"start":{"line":220,"column":0},"end":{"line":220,"column":45}},"221":{"start":{"line":222,"column":0},"end":{"line":222,"column":27}},"222":{"start":{"line":223,"column":0},"end":{"line":223,"column":63}},"223":{"start":{"line":224,"column":0},"end":{"line":224,"column":71}},"224":{"start":{"line":225,"column":0},"end":{"line":225,"column":71}},"225":{"start":{"line":226,"column":0},"end":{"line":226,"column":46}},"226":{"start":{"line":227,"column":0},"end":{"line":227,"column":22}},"227":{"start":{"line":228,"column":0},"end":{"line":228,"column":22}},"228":{"start":{"line":229,"column":0},"end":{"line":229,"column":15}},"229":{"start":{"line":230,"column":0},"end":{"line":230,"column":16}},"230":{"start":{"line":231,"column":0},"end":{"line":231,"column":21}},"231":{"start":{"line":232,"column":0},"end":{"line":232,"column":22}},"232":{"start":{"line":233,"column":0},"end":{"line":233,"column":10}},"233":{"start":{"line":234,"column":0},"end":{"line":234,"column":33}},"234":{"start":{"line":235,"column":0},"end":{"line":235,"column":30}},"235":{"start":{"line":236,"column":0},"end":{"line":236,"column":14}},"236":{"start":{"line":237,"column":0},"end":{"line":237,"column":31}},"237":{"start":{"line":238,"column":0},"end":{"line":238,"column":7}},"238":{"start":{"line":239,"column":0},"end":{"line":239,"column":55}},"240":{"start":{"line":241,"column":0},"end":{"line":241,"column":21}},"241":{"start":{"line":242,"column":0},"end":{"line":242,"column":20}},"242":{"start":{"line":243,"column":0},"end":{"line":243,"column":75}},"243":{"start":{"line":244,"column":0},"end":{"line":244,"column":73}},"244":{"start":{"line":245,"column":0},"end":{"line":245,"column":8}},"245":{"start":{"line":246,"column":0},"end":{"line":246,"column":11}},"247":{"start":{"line":248,"column":0},"end":{"line":248,"column":48}},"248":{"start":{"line":249,"column":0},"end":{"line":249,"column":27}},"249":{"start":{"line":250,"column":0},"end":{"line":250,"column":35}},"250":{"start":{"line":251,"column":0},"end":{"line":251,"column":45}},"251":{"start":{"line":252,"column":0},"end":{"line":252,"column":38}},"252":{"start":{"line":253,"column":0},"end":{"line":253,"column":7}},"253":{"start":{"line":254,"column":0},"end":{"line":254,"column":30}},"254":{"start":{"line":255,"column":0},"end":{"line":255,"column":52}},"255":{"start":{"line":256,"column":0},"end":{"line":256,"column":24}},"256":{"start":{"line":257,"column":0},"end":{"line":257,"column":26}},"257":{"start":{"line":258,"column":0},"end":{"line":258,"column":14}},"258":{"start":{"line":259,"column":0},"end":{"line":259,"column":22}},"259":{"start":{"line":260,"column":0},"end":{"line":260,"column":7}},"260":{"start":{"line":261,"column":0},"end":{"line":261,"column":43}},"262":{"start":{"line":263,"column":0},"end":{"line":263,"column":48}},"263":{"start":{"line":264,"column":0},"end":{"line":264,"column":36}},"264":{"start":{"line":265,"column":0},"end":{"line":265,"column":46}},"265":{"start":{"line":266,"column":0},"end":{"line":266,"column":39}},"266":{"start":{"line":267,"column":0},"end":{"line":267,"column":7}},"268":{"start":{"line":269,"column":0},"end":{"line":269,"column":49}},"269":{"start":{"line":270,"column":0},"end":{"line":270,"column":23}},"270":{"start":{"line":271,"column":0},"end":{"line":271,"column":14}},"271":{"start":{"line":272,"column":0},"end":{"line":272,"column":18}},"273":{"start":{"line":274,"column":0},"end":{"line":274,"column":55}},"274":{"start":{"line":275,"column":0},"end":{"line":275,"column":42}},"275":{"start":{"line":276,"column":0},"end":{"line":276,"column":35}},"276":{"start":{"line":277,"column":0},"end":{"line":277,"column":45}},"277":{"start":{"line":278,"column":0},"end":{"line":278,"column":38}},"278":{"start":{"line":279,"column":0},"end":{"line":279,"column":7}},"279":{"start":{"line":280,"column":0},"end":{"line":280,"column":34}},"281":{"start":{"line":282,"column":0},"end":{"line":282,"column":55}},"282":{"start":{"line":283,"column":0},"end":{"line":283,"column":21}},"283":{"start":{"line":284,"column":0},"end":{"line":284,"column":18}},"285":{"start":{"line":286,"column":0},"end":{"line":286,"column":43}},"286":{"start":{"line":287,"column":0},"end":{"line":287,"column":27}},"287":{"start":{"line":288,"column":0},"end":{"line":288,"column":20}},"288":{"start":{"line":289,"column":0},"end":{"line":289,"column":28}},"290":{"start":{"line":291,"column":0},"end":{"line":291,"column":42}},"291":{"start":{"line":292,"column":0},"end":{"line":292,"column":21}},"292":{"start":{"line":293,"column":0},"end":{"line":293,"column":18}},"294":{"start":{"line":295,"column":0},"end":{"line":295,"column":28}},"295":{"start":{"line":296,"column":0},"end":{"line":296,"column":64}},"296":{"start":{"line":297,"column":0},"end":{"line":297,"column":70}},"298":{"start":{"line":299,"column":0},"end":{"line":299,"column":39}},"299":{"start":{"line":300,"column":0},"end":{"line":300,"column":11}},"300":{"start":{"line":301,"column":0},"end":{"line":301,"column":21}},"301":{"start":{"line":302,"column":0},"end":{"line":302,"column":76}},"302":{"start":{"line":303,"column":0},"end":{"line":303,"column":26}},"303":{"start":{"line":304,"column":0},"end":{"line":304,"column":21}},"305":{"start":{"line":306,"column":0},"end":{"line":306,"column":18}},"306":{"start":{"line":307,"column":0},"end":{"line":307,"column":13}},"308":{"start":{"line":309,"column":0},"end":{"line":309,"column":14}},"311":{"start":{"line":312,"column":0},"end":{"line":312,"column":29}},"312":{"start":{"line":313,"column":0},"end":{"line":313,"column":25}},"313":{"start":{"line":314,"column":0},"end":{"line":314,"column":76}},"314":{"start":{"line":315,"column":0},"end":{"line":315,"column":26}},"315":{"start":{"line":316,"column":0},"end":{"line":316,"column":15}},"317":{"start":{"line":318,"column":0},"end":{"line":318,"column":23}},"319":{"start":{"line":320,"column":0},"end":{"line":320,"column":5}},"321":{"start":{"line":322,"column":0},"end":{"line":322,"column":80}},"322":{"start":{"line":323,"column":0},"end":{"line":323,"column":51}},"324":{"start":{"line":325,"column":0},"end":{"line":325,"column":179}},"325":{"start":{"line":326,"column":0},"end":{"line":326,"column":78}},"327":{"start":{"line":328,"column":0},"end":{"line":328,"column":53}},"328":{"start":{"line":329,"column":0},"end":{"line":329,"column":20}},"329":{"start":{"line":330,"column":0},"end":{"line":330,"column":50}},"330":{"start":{"line":331,"column":0},"end":{"line":331,"column":6}},"332":{"start":{"line":333,"column":0},"end":{"line":333,"column":57}},"333":{"start":{"line":334,"column":0},"end":{"line":334,"column":26}},"334":{"start":{"line":335,"column":0},"end":{"line":335,"column":42}},"335":{"start":{"line":336,"column":0},"end":{"line":336,"column":29}},"336":{"start":{"line":337,"column":0},"end":{"line":337,"column":58}},"337":{"start":{"line":338,"column":0},"end":{"line":338,"column":8}},"339":{"start":{"line":340,"column":0},"end":{"line":340,"column":21}},"340":{"start":{"line":341,"column":0},"end":{"line":341,"column":19}},"341":{"start":{"line":342,"column":0},"end":{"line":342,"column":36}},"342":{"start":{"line":343,"column":0},"end":{"line":343,"column":22}},"343":{"start":{"line":344,"column":0},"end":{"line":344,"column":78}},"344":{"start":{"line":345,"column":0},"end":{"line":345,"column":47}},"345":{"start":{"line":346,"column":0},"end":{"line":346,"column":51}},"346":{"start":{"line":347,"column":0},"end":{"line":347,"column":16}},"347":{"start":{"line":348,"column":0},"end":{"line":348,"column":22}},"348":{"start":{"line":349,"column":0},"end":{"line":349,"column":33}},"349":{"start":{"line":350,"column":0},"end":{"line":350,"column":22}},"350":{"start":{"line":351,"column":0},"end":{"line":351,"column":78}},"351":{"start":{"line":352,"column":0},"end":{"line":352,"column":47}},"352":{"start":{"line":353,"column":0},"end":{"line":353,"column":51}},"353":{"start":{"line":354,"column":0},"end":{"line":354,"column":16}},"354":{"start":{"line":355,"column":0},"end":{"line":355,"column":20}},"355":{"start":{"line":356,"column":0},"end":{"line":356,"column":35}},"356":{"start":{"line":357,"column":0},"end":{"line":357,"column":21}},"357":{"start":{"line":358,"column":0},"end":{"line":358,"column":76}},"358":{"start":{"line":359,"column":0},"end":{"line":359,"column":46}},"359":{"start":{"line":360,"column":0},"end":{"line":360,"column":51}},"360":{"start":{"line":361,"column":0},"end":{"line":361,"column":16}},"361":{"start":{"line":362,"column":0},"end":{"line":362,"column":21}},"362":{"start":{"line":363,"column":0},"end":{"line":363,"column":34}},"363":{"start":{"line":364,"column":0},"end":{"line":364,"column":21}},"364":{"start":{"line":365,"column":0},"end":{"line":365,"column":76}},"365":{"start":{"line":366,"column":0},"end":{"line":366,"column":46}},"366":{"start":{"line":367,"column":0},"end":{"line":367,"column":51}},"367":{"start":{"line":368,"column":0},"end":{"line":368,"column":16}},"368":{"start":{"line":369,"column":0},"end":{"line":369,"column":7}},"370":{"start":{"line":371,"column":0},"end":{"line":371,"column":19}},"371":{"start":{"line":372,"column":0},"end":{"line":372,"column":6}},"373":{"start":{"line":374,"column":0},"end":{"line":374,"column":26}},"374":{"start":{"line":375,"column":0},"end":{"line":375,"column":15}},"375":{"start":{"line":376,"column":0},"end":{"line":376,"column":19}},"376":{"start":{"line":377,"column":0},"end":{"line":377,"column":12}},"377":{"start":{"line":378,"column":0},"end":{"line":378,"column":26}},"378":{"start":{"line":379,"column":0},"end":{"line":379,"column":24}},"379":{"start":{"line":380,"column":0},"end":{"line":380,"column":43}},"380":{"start":{"line":381,"column":0},"end":{"line":381,"column":18}},"381":{"start":{"line":382,"column":0},"end":{"line":382,"column":33}},"382":{"start":{"line":383,"column":0},"end":{"line":383,"column":30}},"383":{"start":{"line":384,"column":0},"end":{"line":384,"column":32}},"384":{"start":{"line":385,"column":0},"end":{"line":385,"column":39}},"385":{"start":{"line":386,"column":0},"end":{"line":386,"column":36}},"386":{"start":{"line":387,"column":0},"end":{"line":387,"column":33}},"387":{"start":{"line":388,"column":0},"end":{"line":388,"column":42}},"388":{"start":{"line":389,"column":0},"end":{"line":389,"column":58}},"389":{"start":{"line":390,"column":0},"end":{"line":390,"column":27}},"390":{"start":{"line":391,"column":0},"end":{"line":391,"column":28}},"391":{"start":{"line":392,"column":0},"end":{"line":392,"column":12}},"392":{"start":{"line":393,"column":0},"end":{"line":393,"column":48}},"393":{"start":{"line":394,"column":0},"end":{"line":394,"column":48}},"395":{"start":{"line":396,"column":0},"end":{"line":396,"column":41}},"396":{"start":{"line":397,"column":0},"end":{"line":397,"column":25}},"397":{"start":{"line":398,"column":0},"end":{"line":398,"column":16}},"398":{"start":{"line":399,"column":0},"end":{"line":399,"column":24}},"399":{"start":{"line":400,"column":0},"end":{"line":400,"column":24}},"400":{"start":{"line":401,"column":0},"end":{"line":401,"column":32}},"401":{"start":{"line":402,"column":0},"end":{"line":402,"column":75}},"402":{"start":{"line":403,"column":0},"end":{"line":403,"column":22}},"403":{"start":{"line":404,"column":0},"end":{"line":404,"column":38}},"404":{"start":{"line":405,"column":0},"end":{"line":405,"column":38}},"405":{"start":{"line":406,"column":0},"end":{"line":406,"column":16}},"407":{"start":{"line":408,"column":0},"end":{"line":408,"column":43}},"408":{"start":{"line":409,"column":0},"end":{"line":409,"column":18}},"410":{"start":{"line":411,"column":0},"end":{"line":411,"column":15}},"411":{"start":{"line":412,"column":0},"end":{"line":412,"column":22}},"412":{"start":{"line":413,"column":0},"end":{"line":413,"column":8}},"414":{"start":{"line":415,"column":0},"end":{"line":415,"column":12}},"415":{"start":{"line":416,"column":0},"end":{"line":416,"column":8}},"416":{"start":{"line":417,"column":0},"end":{"line":417,"column":13}},"417":{"start":{"line":418,"column":0},"end":{"line":418,"column":26}},"418":{"start":{"line":419,"column":0},"end":{"line":419,"column":61}},"419":{"start":{"line":420,"column":0},"end":{"line":420,"column":41}},"420":{"start":{"line":421,"column":0},"end":{"line":421,"column":41}},"421":{"start":{"line":422,"column":0},"end":{"line":422,"column":31}},"422":{"start":{"line":423,"column":0},"end":{"line":423,"column":29}},"423":{"start":{"line":424,"column":0},"end":{"line":424,"column":22}},"424":{"start":{"line":425,"column":0},"end":{"line":425,"column":45}},"426":{"start":{"line":427,"column":0},"end":{"line":427,"column":26}},"427":{"start":{"line":428,"column":0},"end":{"line":428,"column":15}},"428":{"start":{"line":429,"column":0},"end":{"line":429,"column":24}},"429":{"start":{"line":430,"column":0},"end":{"line":430,"column":9}},"431":{"start":{"line":432,"column":0},"end":{"line":432,"column":4}},"432":{"start":{"line":433,"column":0},"end":{"line":433,"column":2}},"434":{"start":{"line":435,"column":0},"end":{"line":435,"column":32}},"436":{"start":{"line":437,"column":0},"end":{"line":437,"column":23}}},"s":{"0":0,"8":0,"15":0,"16":0,"17":0,"18":0,"19":0,"21":0,"22":0,"23":0,"24":0,"25":0,"26":0,"27":0,"28":0,"30":0,"31":0,"32":0,"42":0,"43":0,"44":0,"45":0,"46":0,"47":0,"48":0,"49":0,"50":0,"51":0,"52":0,"53":0,"55":0,"56":0,"57":0,"58":0,"59":0,"61":0,"62":0,"63":0,"64":0,"65":0,"66":0,"67":0,"68":0,"69":0,"70":0,"71":0,"72":0,"73":0,"74":0,"75":0,"76":0,"77":0,"78":0,"80":0,"81":0,"82":0,"83":0,"84":0,"85":0,"86":0,"87":0,"88":0,"89":0,"90":0,"91":0,"92":0,"93":0,"94":0,"95":0,"97":0,"98":0,"100":0,"101":0,"102":0,"103":0,"104":0,"105":0,"106":0,"107":0,"108":0,"109":0,"110":0,"111":0,"112":0,"113":0,"114":0,"115":0,"117":0,"118":0,"120":0,"122":0,"123":0,"124":0,"125":0,"126":0,"127":0,"128":0,"129":0,"130":0,"131":0,"133":0,"134":0,"135":0,"136":0,"137":0,"138":0,"139":0,"140":0,"141":0,"142":0,"144":0,"145":0,"146":0,"147":0,"148":0,"149":0,"151":0,"152":0,"154":0,"155":0,"156":0,"157":0,"158":0,"159":0,"160":0,"161":0,"162":0,"163":0,"164":0,"165":0,"166":0,"167":0,"168":0,"169":0,"170":0,"171":0,"172":0,"173":0,"174":0,"175":0,"176":0,"177":0,"178":0,"179":0,"180":0,"181":0,"182":0,"183":0,"184":0,"185":0,"186":0,"187":0,"188":0,"190":0,"191":0,"192":0,"193":0,"195":0,"196":0,"198":0,"199":0,"200":0,"201":0,"202":0,"203":0,"204":0,"205":0,"206":0,"208":0,"209":0,"210":0,"211":0,"212":0,"213":0,"215":0,"216":0,"217":0,"218":0,"219":0,"221":0,"222":0,"223":0,"224":0,"225":0,"226":0,"227":0,"228":0,"229":0,"230":0,"231":0,"232":0,"233":0,"234":0,"235":0,"236":0,"237":0,"238":0,"240":0,"241":0,"242":0,"243":0,"244":0,"245":0,"247":0,"248":0,"249":0,"250":0,"251":0,"252":0,"253":0,"254":0,"255":0,"256":0,"257":0,"258":0,"259":0,"260":0,"262":0,"263":0,"264":0,"265":0,"266":0,"268":0,"269":0,"270":0,"271":0,"273":0,"274":0,"275":0,"276":0,"277":0,"278":0,"279":0,"281":0,"282":0,"283":0,"285":0,"286":0,"287":0,"288":0,"290":0,"291":0,"292":0,"294":0,"295":0,"296":0,"298":0,"299":0,"300":0,"301":0,"302":0,"303":0,"305":0,"306":0,"308":0,"311":0,"312":0,"313":0,"314":0,"315":0,"317":0,"319":0,"321":0,"322":0,"324":0,"325":0,"327":0,"328":0,"329":0,"330":0,"332":0,"333":0,"334":0,"335":0,"336":0,"337":0,"339":0,"340":0,"341":0,"342":0,"343":0,"344":0,"345":0,"346":0,"347":0,"348":0,"349":0,"350":0,"351":0,"352":0,"353":0,"354":0,"355":0,"356":0,"357":0,"358":0,"359":0,"360":0,"361":0,"362":0,"363":0,"364":0,"365":0,"366":0,"367":0,"368":0,"370":0,"371":0,"373":0,"374":0,"375":0,"376":0,"377":0,"378":0,"379":0,"380":0,"381":0,"382":0,"383":0,"384":0,"385":0,"386":0,"387":0,"388":0,"389":0,"390":0,"391":0,"392":0,"393":0,"395":0,"396":0,"397":0,"398":0,"399":0,"400":0,"401":0,"402":0,"403":0,"404":0,"405":0,"407":0,"408":0,"410":0,"411":0,"412":0,"414":0,"415":0,"416":0,"417":0,"418":0,"419":0,"420":0,"421":0,"422":0,"423":0,"424":0,"426":0,"427":0,"428":0,"429":0,"431":0,"432":0,"434":0,"436":0},"branchMap":{"0":{"type":"branch","line":1,"loc":{"start":{"line":1,"column":12551},"end":{"line":437,"column":23}},"locations":[{"start":{"line":1,"column":12551},"end":{"line":437,"column":23}}]}},"b":{"0":[0]},"fnMap":{"0":{"name":"(empty-report)","decl":{"start":{"line":1,"column":12551},"end":{"line":437,"column":23}},"loc":{"start":{"line":1,"column":12551},"end":{"line":437,"column":23}},"line":1}},"f":{"0":0}}
}
